{
  "stats": {
    "suites": 1,
    "tests": 14,
    "passes": 14,
    "pending": 0,
    "failures": 0,
    "start": "2022-12-29T11:55:24.878Z",
    "end": "2022-12-29T11:56:57.811Z",
    "duration": 92933,
    "testsRegistered": 14,
    "passPercent": 100,
    "pendingPercent": 0,
    "other": 0,
    "hasOther": false,
    "skipped": 0,
    "hasSkipped": false
  },
  "results": [
    {
      "uuid": "dd46e025-4f2d-4717-bf41-e6b9711723e6",
      "title": "",
      "fullFile": "cypress\\e2e\\telnyx.cy.js",
      "file": "cypress\\e2e\\telnyx.cy.js",
      "beforeHooks": [],
      "afterHooks": [],
      "tests": [],
      "suites": [
        {
          "uuid": "cbb740de-5687-4da7-8525-d7434ac08aa4",
          "title": "Testing Telnyx site",
          "fullFile": "",
          "file": "",
          "beforeHooks": [],
          "afterHooks": [],
          "tests": [
            {
              "title": "TS_0001_1 To check clickability, link to Linkedin",
              "fullTitle": "Testing Telnyx site TS_0001_1 To check clickability, link to Linkedin",
              "timedOut": null,
              "duration": 2367,
              "state": "passed",
              "speed": "fast",
              "pass": true,
              "fail": false,
              "pending": false,
              "context": null,
              "code": "_mainPage.default.scrollToFooter();\n_mainPage.default.clickLinkedinLink();",
              "err": {},
              "uuid": "03ea3292-936e-4cb3-b37b-0603d214b66f",
              "parentUUID": "cbb740de-5687-4da7-8525-d7434ac08aa4",
              "isHook": false,
              "skipped": false
            },
            {
              "title": "TS_0001_2 To check clickability, link to Facebook",
              "fullTitle": "Testing Telnyx site TS_0001_2 To check clickability, link to Facebook",
              "timedOut": null,
              "duration": 2913,
              "state": "passed",
              "speed": "fast",
              "pass": true,
              "fail": false,
              "pending": false,
              "context": null,
              "code": "_mainPage.default.scrollToFooter();\n_mainPage.default.clickFacebookLink();\ncy.url().should('include', 'Telnyx');",
              "err": {},
              "uuid": "d5ba0d01-826b-45f4-8be6-97c15cd7684e",
              "parentUUID": "cbb740de-5687-4da7-8525-d7434ac08aa4",
              "isHook": false,
              "skipped": false
            },
            {
              "title": "TS_0001_3 To check clickability, link to Twitter",
              "fullTitle": "Testing Telnyx site TS_0001_3 To check clickability, link to Twitter",
              "timedOut": null,
              "duration": 4261,
              "state": "passed",
              "speed": "fast",
              "pass": true,
              "fail": false,
              "pending": false,
              "context": null,
              "code": "_mainPage.default.scrollToFooter();\n_mainPage.default.clickTwitterLink();\ncy.url().should('include', 'telnyx');",
              "err": {},
              "uuid": "9e68b9c9-cc1a-45d4-ab9d-79d7d72f1593",
              "parentUUID": "cbb740de-5687-4da7-8525-d7434ac08aa4",
              "isHook": false,
              "skipped": false
            },
            {
              "title": "TS_0002 To test search results page with valid data",
              "fullTitle": "Testing Telnyx site TS_0002 To test search results page with valid data",
              "timedOut": null,
              "duration": 6359,
              "state": "passed",
              "speed": "medium",
              "pass": true,
              "fail": false,
              "pending": false,
              "context": null,
              "code": "_searchPage.default.clickSupportCenter();\n_searchPage.default.inputValidData();\n_searchPage.default.elements.searchResult().then($div => {\n  expect($div).to.contain('telephone');\n});",
              "err": {},
              "uuid": "f8a747f3-dab5-4a1b-92e0-59c3db17e65d",
              "parentUUID": "cbb740de-5687-4da7-8525-d7434ac08aa4",
              "isHook": false,
              "skipped": false
            },
            {
              "title": "TS_0003 To test search results page with invalid data",
              "fullTitle": "Testing Telnyx site TS_0003 To test search results page with invalid data",
              "timedOut": null,
              "duration": 5619,
              "state": "passed",
              "speed": "medium",
              "pass": true,
              "fail": false,
              "pending": false,
              "context": null,
              "code": "_searchPage.default.clickSupportCenter();\n_searchPage.default.inputInvalidData(randomText);\n_searchPage.default.elements.searchNoResult().then($div => {\n  expect($div).to.have.text('We couldn\\'t find any articles for:');\n});",
              "err": {},
              "uuid": "fef7d426-d614-493f-95f0-e0875364978f",
              "parentUUID": "cbb740de-5687-4da7-8525-d7434ac08aa4",
              "isHook": false,
              "skipped": false
            },
            {
              "title": "TS_0004 To test contact me form with positive scenario",
              "fullTitle": "Testing Telnyx site TS_0004 To test contact me form with positive scenario",
              "timedOut": null,
              "duration": 12981,
              "state": "passed",
              "speed": "slow",
              "pass": true,
              "fail": false,
              "pending": false,
              "context": null,
              "code": "_contactMePage.default.clickTalkToExpert();\n_contactMePage.default.selectReasonMenu();\n_contactMePage.default.fillingForm(this.data.Username, email, this.data.PhoneNumber);\n_contactMePage.default.selectPhoneNumber();\n_contactMePage.default.selectPrimaryInterest();\n_contactMePage.default.clickSubmitButton();\n_contactMePage.default.elements.title().should('be.visible').and('have.text', 'Thanks for Reaching Out!');",
              "err": {},
              "uuid": "feca72c8-0a75-4d78-aa65-f2d25cd0ba55",
              "parentUUID": "cbb740de-5687-4da7-8525-d7434ac08aa4",
              "isHook": false,
              "skipped": false
            },
            {
              "title": "TS_0005 To test contact me form with empty fields",
              "fullTitle": "Testing Telnyx site TS_0005 To test contact me form with empty fields",
              "timedOut": null,
              "duration": 6222,
              "state": "passed",
              "speed": "medium",
              "pass": true,
              "fail": false,
              "pending": false,
              "context": null,
              "code": "_contactMePage.default.clickTalkToExpert();\n_contactMePage.default.clickSubmitButton();\n_contactMePage.default.elements.alertMessage().should('be.visible').and('have.text', 'This field is required.');",
              "err": {},
              "uuid": "76cc7425-ca4d-449b-88c6-2f8e464600ac",
              "parentUUID": "cbb740de-5687-4da7-8525-d7434ac08aa4",
              "isHook": false,
              "skipped": false
            },
            {
              "title": "TS_0006 To test contact me form with invalid data",
              "fullTitle": "Testing Telnyx site TS_0006 To test contact me form with invalid data",
              "timedOut": null,
              "duration": 7327,
              "state": "passed",
              "speed": "medium",
              "pass": true,
              "fail": false,
              "pending": false,
              "context": null,
              "code": "_contactMePage.default.clickTalkToExpert();\n_contactMePage.default.selectReasonMenu();\n_contactMePage.default.fillingForm(randomText, randomText, randomText);\n_contactMePage.default.selectPhoneNumber();\n_contactMePage.default.selectPrimaryInterest();\n_contactMePage.default.clickSubmitButton();\n_contactMePage.default.elements.alertMessage().should('be.visible').and('have.text', 'Must be valid email. example@yourdomain.com');",
              "err": {},
              "uuid": "ae3c0584-7e05-432f-abdc-5f0cd6692957",
              "parentUUID": "cbb740de-5687-4da7-8525-d7434ac08aa4",
              "isHook": false,
              "skipped": false
            },
            {
              "title": "TS_0007 To check the password recovery function",
              "fullTitle": "Testing Telnyx site TS_0007 To check the password recovery function",
              "timedOut": null,
              "duration": 18216,
              "state": "passed",
              "speed": "slow",
              "pass": true,
              "fail": false,
              "pending": false,
              "context": null,
              "code": "_loginPage.default.clickLoginLink();\n_loginPage.default.clickForgotPasswordLink();\n_loginPage.default.inputEmail(email);\n_loginPage.default.clickResetButton();",
              "err": {},
              "uuid": "64415757-3cac-4ef9-b65a-1a8cdc4b6bb3",
              "parentUUID": "cbb740de-5687-4da7-8525-d7434ac08aa4",
              "isHook": false,
              "skipped": false
            },
            {
              "title": "TS_0008 To test the positive login scenario",
              "fullTitle": "Testing Telnyx site TS_0008 To test the positive login scenario",
              "timedOut": null,
              "duration": 8826,
              "state": "passed",
              "speed": "medium",
              "pass": true,
              "fail": false,
              "pending": false,
              "context": null,
              "code": "_easyRegisterPage.default.inputEmail(email);\n_easyRegisterPage.default.clickTryForFree();\n_easyRegisterPage.default.fillForm(this.data.Username, password);\n_easyRegisterPage.default.clickCreateButton(); // cy.get('#__next > div> main > div > h1')\n//   .should('be.visible').and('have.text','We\\'ve sent you an email to activate your account')\n//   .wait(5000)\n// can't do above action, through Capcha",
              "err": {},
              "uuid": "f528c23b-2585-4859-b666-daad5aeb890c",
              "parentUUID": "cbb740de-5687-4da7-8525-d7434ac08aa4",
              "isHook": false,
              "skipped": false
            },
            {
              "title": "TS_0009_1 To check products menu",
              "fullTitle": "Testing Telnyx site TS_0009_1 To check products menu",
              "timedOut": null,
              "duration": 2905,
              "state": "passed",
              "speed": "fast",
              "pass": true,
              "fail": false,
              "pending": false,
              "context": null,
              "code": "_menuPage.default.hoverProducts();\n_menuPage.default.visibleProductsList();\n_menuPage.default.clickElastic();",
              "err": {},
              "uuid": "b8191885-bcbd-4539-84c5-dab7b8ba4c04",
              "parentUUID": "cbb740de-5687-4da7-8525-d7434ac08aa4",
              "isHook": false,
              "skipped": false
            },
            {
              "title": "TS_0009_2 To check products menu",
              "fullTitle": "Testing Telnyx site TS_0009_2 To check products menu",
              "timedOut": null,
              "duration": 2852,
              "state": "passed",
              "speed": "fast",
              "pass": true,
              "fail": false,
              "pending": false,
              "context": null,
              "code": "_menuPage.default.hoverProducts();\n_menuPage.default.visibleProductsList();\n_menuPage.default.clickVoiceApi();",
              "err": {},
              "uuid": "ab037422-4bf3-4396-92c1-47149cb1bfed",
              "parentUUID": "cbb740de-5687-4da7-8525-d7434ac08aa4",
              "isHook": false,
              "skipped": false
            },
            {
              "title": "TS_0009_3 To check products menu",
              "fullTitle": "Testing Telnyx site TS_0009_3 To check products menu",
              "timedOut": null,
              "duration": 2594,
              "state": "passed",
              "speed": "fast",
              "pass": true,
              "fail": false,
              "pending": false,
              "context": null,
              "code": "_menuPage.default.hoverProducts();\n_menuPage.default.visibleProductsList();\n_menuPage.default.clickGlobalNumbers();",
              "err": {},
              "uuid": "53484784-5978-42f0-a2fa-289d8298544a",
              "parentUUID": "cbb740de-5687-4da7-8525-d7434ac08aa4",
              "isHook": false,
              "skipped": false
            },
            {
              "title": "TS_0010 To check the link to the call",
              "fullTitle": "Testing Telnyx site TS_0010 To check the link to the call",
              "timedOut": null,
              "duration": 1954,
              "state": "passed",
              "speed": "fast",
              "pass": true,
              "fail": false,
              "pending": false,
              "context": null,
              "code": "_mainPage.default.clickCallUsLink();\n_mainPage.default.elements.callDialog().should('be.visible').and('have.text', 'Talk to an Expert');",
              "err": {},
              "uuid": "203eca21-6708-42a2-883b-f365d05eaaf7",
              "parentUUID": "cbb740de-5687-4da7-8525-d7434ac08aa4",
              "isHook": false,
              "skipped": false
            }
          ],
          "suites": [],
          "passes": [
            "03ea3292-936e-4cb3-b37b-0603d214b66f",
            "d5ba0d01-826b-45f4-8be6-97c15cd7684e",
            "9e68b9c9-cc1a-45d4-ab9d-79d7d72f1593",
            "f8a747f3-dab5-4a1b-92e0-59c3db17e65d",
            "fef7d426-d614-493f-95f0-e0875364978f",
            "feca72c8-0a75-4d78-aa65-f2d25cd0ba55",
            "76cc7425-ca4d-449b-88c6-2f8e464600ac",
            "ae3c0584-7e05-432f-abdc-5f0cd6692957",
            "64415757-3cac-4ef9-b65a-1a8cdc4b6bb3",
            "f528c23b-2585-4859-b666-daad5aeb890c",
            "b8191885-bcbd-4539-84c5-dab7b8ba4c04",
            "ab037422-4bf3-4396-92c1-47149cb1bfed",
            "53484784-5978-42f0-a2fa-289d8298544a",
            "203eca21-6708-42a2-883b-f365d05eaaf7"
          ],
          "failures": [],
          "pending": [],
          "skipped": [],
          "duration": 85396,
          "root": false,
          "rootEmpty": false,
          "_timeout": 2000
        }
      ],
      "passes": [],
      "failures": [],
      "pending": [],
      "skipped": [],
      "duration": 0,
      "root": true,
      "rootEmpty": true,
      "_timeout": 2000
    }
  ],
  "meta": {
    "mocha": {
      "version": "7.0.1"
    },
    "mochawesome": {
      "options": {
        "quiet": false,
        "reportFilename": "mochawesome",
        "saveHtml": false,
        "saveJson": true,
        "consoleReporter": "spec",
        "useInlineDiffs": false,
        "code": true
      },
      "version": "7.1.3"
    },
    "marge": {
      "options": {
        "reportDir": "cypress/results",
        "overwrite": false,
        "html": false,
        "json": true
      },
      "version": "6.2.0"
    }
  }
}