{
  "stats": {
    "suites": 1,
    "tests": 14,
    "passes": 13,
    "pending": 0,
    "failures": 1,
    "start": "2023-01-06T12:40:11.019Z",
    "end": "2023-01-06T12:41:41.034Z",
    "duration": 90015,
    "testsRegistered": 14,
    "passPercent": 92.85714285714286,
    "pendingPercent": 0,
    "other": 0,
    "hasOther": false,
    "skipped": 0,
    "hasSkipped": false
  },
  "results": [
    {
      "uuid": "233729b4-3ce0-47b0-a357-fadd5091565f",
      "title": "",
      "fullFile": "cypress\\e2e\\telnyx.cy.js",
      "file": "cypress\\e2e\\telnyx.cy.js",
      "beforeHooks": [],
      "afterHooks": [],
      "tests": [],
      "suites": [
        {
          "uuid": "9b76ab76-7eab-42d4-bbe0-db6b3b36c2bd",
          "title": "Testing Telnyx site",
          "fullFile": "",
          "file": "",
          "beforeHooks": [],
          "afterHooks": [],
          "tests": [
            {
              "title": "TS_0001_1 To check clickability, link to Linkedin",
              "fullTitle": "Testing Telnyx site TS_0001_1 To check clickability, link to Linkedin",
              "timedOut": null,
              "duration": 2513,
              "state": "passed",
              "speed": "fast",
              "pass": true,
              "fail": false,
              "pending": false,
              "context": null,
              "code": "_mainPage.default.scrollToFooter();\n_mainPage.default.clickLinkedinLink();",
              "err": {},
              "uuid": "0f05c7ed-ef1b-4fab-9162-0da90a8e4d07",
              "parentUUID": "9b76ab76-7eab-42d4-bbe0-db6b3b36c2bd",
              "isHook": false,
              "skipped": false
            },
            {
              "title": "TS_0001_2 To check clickability, link to Facebook",
              "fullTitle": "Testing Telnyx site TS_0001_2 To check clickability, link to Facebook",
              "timedOut": null,
              "duration": 3454,
              "state": "passed",
              "speed": "fast",
              "pass": true,
              "fail": false,
              "pending": false,
              "context": null,
              "code": "_mainPage.default.scrollToFooter();\n_mainPage.default.clickFacebookLink();\ncy.url().should('include', 'Telnyx');",
              "err": {},
              "uuid": "24dfd7ce-b553-4c08-a9cb-ede9b2df4a56",
              "parentUUID": "9b76ab76-7eab-42d4-bbe0-db6b3b36c2bd",
              "isHook": false,
              "skipped": false
            },
            {
              "title": "TS_0001_3 To check clickability, link to Twitter",
              "fullTitle": "Testing Telnyx site TS_0001_3 To check clickability, link to Twitter",
              "timedOut": null,
              "duration": 7685,
              "state": "passed",
              "speed": "medium",
              "pass": true,
              "fail": false,
              "pending": false,
              "context": null,
              "code": "_mainPage.default.scrollToFooter();\n_mainPage.default.clickTwitterLink();\ncy.url().should('include', 'telnyx');",
              "err": {},
              "uuid": "8645eec2-dafa-419d-b790-362dda8f0538",
              "parentUUID": "9b76ab76-7eab-42d4-bbe0-db6b3b36c2bd",
              "isHook": false,
              "skipped": false
            },
            {
              "title": "TS_0002 To test search results page with valid data",
              "fullTitle": "Testing Telnyx site TS_0002 To test search results page with valid data",
              "timedOut": null,
              "duration": 608,
              "state": "failed",
              "speed": null,
              "pass": false,
              "fail": true,
              "pending": false,
              "context": null,
              "code": "_searchPage.default.clickSupportCenter();\n_searchPage.default.inputValidData();\n_searchPage.default.elements.searchResult().then($div => {\n  expect($div).to.contain('telephone');\n});",
              "err": {
                "message": "CypressError: `cy.click()` failed because it requires a DOM element.\n\nThe subject received was:\n\n  > `undefined`\n\nThe previous command that ran was:\n\n  > `cy.contains()`",
                "estack": "CypressError: `cy.click()` failed because it requires a DOM element.\n\nThe subject received was:\n\n  > `undefined`\n\nThe previous command that ran was:\n\n  > `cy.contains()`\n    at isElement (https://telnyx.com/__cypress/runner/cypress_runner.js:157084:66)\n    at validateType (https://telnyx.com/__cypress/runner/cypress_runner.js:156913:14)\n    at Object.isType (https://telnyx.com/__cypress/runner/cypress_runner.js:156948:7)\n    at $Cy.pushSubject (https://telnyx.com/__cypress/runner/cypress_runner.js:156639:22)\n    at wrapped (https://telnyx.com/__cypress/runner/cypress_runner.js:156188:19)\nFrom Your Spec Code:\n    at Context.eval (webpack:///./cypress/e2e/telnyx.cy.js:22:40)",
                "diff": null
              },
              "uuid": "7eccbedb-f662-48db-8ba6-58f7e312e0e0",
              "parentUUID": "9b76ab76-7eab-42d4-bbe0-db6b3b36c2bd",
              "isHook": false,
              "skipped": false
            },
            {
              "title": "TS_0003 To test search results page with invalid data",
              "fullTitle": "Testing Telnyx site TS_0003 To test search results page with invalid data",
              "timedOut": null,
              "duration": 6192,
              "state": "passed",
              "speed": "medium",
              "pass": true,
              "fail": false,
              "pending": false,
              "context": null,
              "code": "_searchPage.default.clickSupportCenter();\n_searchPage.default.inputInvalidData(randomText);\n_searchPage.default.elements.searchNoResult().then($div => {\n  expect($div).to.have.text('We couldn\\'t find any articles for:');\n});",
              "err": {},
              "uuid": "dd6cd771-090e-4512-8bcf-d366a68ac18e",
              "parentUUID": "9b76ab76-7eab-42d4-bbe0-db6b3b36c2bd",
              "isHook": false,
              "skipped": false
            },
            {
              "title": "TS_0004 To test contact me form with positive scenario",
              "fullTitle": "Testing Telnyx site TS_0004 To test contact me form with positive scenario",
              "timedOut": null,
              "duration": 11899,
              "state": "passed",
              "speed": "slow",
              "pass": true,
              "fail": false,
              "pending": false,
              "context": null,
              "code": "_contactMePage.default.clickTalkToExpert();\n_contactMePage.default.selectReasonMenu();\n_contactMePage.default.fillingForm(this.data.Username, email, this.data.PhoneNumber);\n_contactMePage.default.selectPhoneNumber();\n_contactMePage.default.selectPrimaryInterest();\n_contactMePage.default.clickSubmitButton();\n_contactMePage.default.elements.title().should('be.visible').and('have.text', 'Thanks for Reaching Out!');",
              "err": {},
              "uuid": "fd7a24aa-1ec1-456d-84d6-2834de04846d",
              "parentUUID": "9b76ab76-7eab-42d4-bbe0-db6b3b36c2bd",
              "isHook": false,
              "skipped": false
            },
            {
              "title": "TS_0005 To test contact me form with empty fields",
              "fullTitle": "Testing Telnyx site TS_0005 To test contact me form with empty fields",
              "timedOut": null,
              "duration": 5352,
              "state": "passed",
              "speed": "medium",
              "pass": true,
              "fail": false,
              "pending": false,
              "context": null,
              "code": "_contactMePage.default.clickTalkToExpert();\n_contactMePage.default.clickSubmitButton();\n_contactMePage.default.elements.alertMessage().should('be.visible').and('have.text', 'This field is required.');",
              "err": {},
              "uuid": "42a37b60-8016-4b09-8c84-b6c72afa5f15",
              "parentUUID": "9b76ab76-7eab-42d4-bbe0-db6b3b36c2bd",
              "isHook": false,
              "skipped": false
            },
            {
              "title": "TS_0006 To test contact me form with invalid data",
              "fullTitle": "Testing Telnyx site TS_0006 To test contact me form with invalid data",
              "timedOut": null,
              "duration": 7450,
              "state": "passed",
              "speed": "medium",
              "pass": true,
              "fail": false,
              "pending": false,
              "context": null,
              "code": "_contactMePage.default.clickTalkToExpert();\n_contactMePage.default.selectReasonMenu();\n_contactMePage.default.fillingForm(randomText, randomText, randomText);\n_contactMePage.default.selectPhoneNumber();\n_contactMePage.default.selectPrimaryInterest();\n_contactMePage.default.clickSubmitButton();\n_contactMePage.default.elements.alertMessage().should('be.visible').and('have.text', 'Must be valid email. example@yourdomain.com');",
              "err": {},
              "uuid": "492f6c1e-4555-4bc4-b4a1-59882a693e09",
              "parentUUID": "9b76ab76-7eab-42d4-bbe0-db6b3b36c2bd",
              "isHook": false,
              "skipped": false
            },
            {
              "title": "TS_0007 To check the password recovery function",
              "fullTitle": "Testing Telnyx site TS_0007 To check the password recovery function",
              "timedOut": null,
              "duration": 17070,
              "state": "passed",
              "speed": "slow",
              "pass": true,
              "fail": false,
              "pending": false,
              "context": null,
              "code": "_loginPage.default.clickLoginLink();\n_loginPage.default.clickForgotPasswordLink();\n_loginPage.default.inputEmail(email);\n_loginPage.default.clickResetButton();",
              "err": {},
              "uuid": "c627f9dd-2937-498d-9baa-9f2387c12f58",
              "parentUUID": "9b76ab76-7eab-42d4-bbe0-db6b3b36c2bd",
              "isHook": false,
              "skipped": false
            },
            {
              "title": "TS_0008 To test the positive login scenario",
              "fullTitle": "Testing Telnyx site TS_0008 To test the positive login scenario",
              "timedOut": null,
              "duration": 7717,
              "state": "passed",
              "speed": "medium",
              "pass": true,
              "fail": false,
              "pending": false,
              "context": null,
              "code": "_easyRegisterPage.default.inputEmail(email);\n_easyRegisterPage.default.clickTryForFree();\n_easyRegisterPage.default.fillForm(this.data.Username, password);\n_easyRegisterPage.default.clickCreateButton();",
              "err": {},
              "uuid": "82dc18f9-2c4a-45f5-93c6-bd206d85ec4f",
              "parentUUID": "9b76ab76-7eab-42d4-bbe0-db6b3b36c2bd",
              "isHook": false,
              "skipped": false
            },
            {
              "title": "TS_0009_1 To check products menu",
              "fullTitle": "Testing Telnyx site TS_0009_1 To check products menu",
              "timedOut": null,
              "duration": 3665,
              "state": "passed",
              "speed": "fast",
              "pass": true,
              "fail": false,
              "pending": false,
              "context": null,
              "code": "_menuPage.default.hoverProducts();\n_menuPage.default.visibleProductsList();\n_menuPage.default.clickElastic();",
              "err": {},
              "uuid": "9c453f6c-9a30-4d6c-9c89-b145e56b0604",
              "parentUUID": "9b76ab76-7eab-42d4-bbe0-db6b3b36c2bd",
              "isHook": false,
              "skipped": false
            },
            {
              "title": "TS_0009_2 To check products menu",
              "fullTitle": "Testing Telnyx site TS_0009_2 To check products menu",
              "timedOut": null,
              "duration": 3444,
              "state": "passed",
              "speed": "fast",
              "pass": true,
              "fail": false,
              "pending": false,
              "context": null,
              "code": "_menuPage.default.hoverProducts();\n_menuPage.default.visibleProductsList();\n_menuPage.default.clickVoiceApi();",
              "err": {},
              "uuid": "1862a296-5d1d-4a6c-89fc-1639828e6694",
              "parentUUID": "9b76ab76-7eab-42d4-bbe0-db6b3b36c2bd",
              "isHook": false,
              "skipped": false
            },
            {
              "title": "TS_0009_3 To check products menu",
              "fullTitle": "Testing Telnyx site TS_0009_3 To check products menu",
              "timedOut": null,
              "duration": 3350,
              "state": "passed",
              "speed": "fast",
              "pass": true,
              "fail": false,
              "pending": false,
              "context": null,
              "code": "_menuPage.default.hoverProducts();\n_menuPage.default.visibleProductsList();\n_menuPage.default.clickGlobalNumbers();",
              "err": {},
              "uuid": "928ff9e7-205d-4b52-a626-02ef4597fbc5",
              "parentUUID": "9b76ab76-7eab-42d4-bbe0-db6b3b36c2bd",
              "isHook": false,
              "skipped": false
            },
            {
              "title": "TS_0010 To check the link to the call",
              "fullTitle": "Testing Telnyx site TS_0010 To check the link to the call",
              "timedOut": null,
              "duration": 1951,
              "state": "passed",
              "speed": "fast",
              "pass": true,
              "fail": false,
              "pending": false,
              "context": null,
              "code": "_mainPage.default.clickCallUsLink();\n_mainPage.default.elements.callDialog().should('be.visible').and('have.text', 'Talk to an Expert');",
              "err": {},
              "uuid": "3f7e440e-4f4b-4ede-ae73-350a17efd5b6",
              "parentUUID": "9b76ab76-7eab-42d4-bbe0-db6b3b36c2bd",
              "isHook": false,
              "skipped": false
            }
          ],
          "suites": [],
          "passes": [
            "0f05c7ed-ef1b-4fab-9162-0da90a8e4d07",
            "24dfd7ce-b553-4c08-a9cb-ede9b2df4a56",
            "8645eec2-dafa-419d-b790-362dda8f0538",
            "dd6cd771-090e-4512-8bcf-d366a68ac18e",
            "fd7a24aa-1ec1-456d-84d6-2834de04846d",
            "42a37b60-8016-4b09-8c84-b6c72afa5f15",
            "492f6c1e-4555-4bc4-b4a1-59882a693e09",
            "c627f9dd-2937-498d-9baa-9f2387c12f58",
            "82dc18f9-2c4a-45f5-93c6-bd206d85ec4f",
            "9c453f6c-9a30-4d6c-9c89-b145e56b0604",
            "1862a296-5d1d-4a6c-89fc-1639828e6694",
            "928ff9e7-205d-4b52-a626-02ef4597fbc5",
            "3f7e440e-4f4b-4ede-ae73-350a17efd5b6"
          ],
          "failures": [
            "7eccbedb-f662-48db-8ba6-58f7e312e0e0"
          ],
          "pending": [],
          "skipped": [],
          "duration": 82350,
          "root": false,
          "rootEmpty": false,
          "_timeout": 2000
        }
      ],
      "passes": [],
      "failures": [],
      "pending": [],
      "skipped": [],
      "duration": 0,
      "root": true,
      "rootEmpty": true,
      "_timeout": 2000
    }
  ],
  "meta": {
    "mocha": {
      "version": "7.0.1"
    },
    "mochawesome": {
      "options": {
        "quiet": false,
        "reportFilename": "mochawesome",
        "saveHtml": true,
        "saveJson": true,
        "consoleReporter": "spec",
        "useInlineDiffs": false,
        "code": true
      },
      "version": "7.1.3"
    },
    "marge": {
      "options": {
        "reportDir": "cypress/results",
        "overwrite": false,
        "html": true,
        "json": true
      },
      "version": "6.2.0"
    }
  }
}