{
  "stats": {
    "suites": 1,
    "tests": 14,
    "passes": 13,
    "pending": 0,
    "failures": 1,
    "start": "2022-12-26T14:38:10.788Z",
    "end": "2022-12-26T14:39:47.457Z",
    "duration": 96669,
    "testsRegistered": 14,
    "passPercent": 92.85714285714286,
    "pendingPercent": 0,
    "other": 0,
    "hasOther": false,
    "skipped": 0,
    "hasSkipped": false
  },
  "results": [
    {
      "uuid": "0ebecd33-70c5-4a34-a9ef-8a1e2ecf0677",
      "title": "",
      "fullFile": "cypress\\e2e\\telnyx.cy.js",
      "file": "cypress\\e2e\\telnyx.cy.js",
      "beforeHooks": [],
      "afterHooks": [],
      "tests": [],
      "suites": [
        {
          "uuid": "a4c7f79a-c084-4e15-8248-bb8fbee2cb4d",
          "title": "Testing Telnyx site",
          "fullFile": "",
          "file": "",
          "beforeHooks": [],
          "afterHooks": [],
          "tests": [
            {
              "title": "TS_0001_1 To check clickability, link to Linkedin",
              "fullTitle": "Testing Telnyx site TS_0001_1 To check clickability, link to Linkedin",
              "timedOut": null,
              "duration": 5716,
              "state": "passed",
              "speed": "medium",
              "pass": true,
              "fail": false,
              "pending": false,
              "context": null,
              "code": "cy.get('body > div > div > footer').scrollIntoView();\ncy.contains('Connect on LinkedIn').invoke('attr', 'href').then(href => {\n  expect(href).to.be.equal('https://www.linkedin.com/company/telnyx/');\n});",
              "err": {},
              "uuid": "7aa0fe2e-a313-4385-9b3d-255ffe426f4a",
              "parentUUID": "a4c7f79a-c084-4e15-8248-bb8fbee2cb4d",
              "isHook": false,
              "skipped": false
            },
            {
              "title": "TS_0001_2 To check clickability, link to Facebook",
              "fullTitle": "Testing Telnyx site TS_0001_2 To check clickability, link to Facebook",
              "timedOut": null,
              "duration": 2923,
              "state": "passed",
              "speed": "fast",
              "pass": true,
              "fail": false,
              "pending": false,
              "context": null,
              "code": "cy.get('#__next > div > footer ').scrollIntoView();\ncy.contains('Follow on Facebook').invoke('removeAttr', 'target').click({\n  force: true\n});\ncy.url().should('include', 'Telnyx');",
              "err": {},
              "uuid": "a6c10e81-4fa4-4432-a4c5-9d5444a1359b",
              "parentUUID": "a4c7f79a-c084-4e15-8248-bb8fbee2cb4d",
              "isHook": false,
              "skipped": false
            },
            {
              "title": "TS_0001_3 To check clickability, link to Twitter",
              "fullTitle": "Testing Telnyx site TS_0001_3 To check clickability, link to Twitter",
              "timedOut": null,
              "duration": 12817,
              "state": "passed",
              "speed": "slow",
              "pass": true,
              "fail": false,
              "pending": false,
              "context": null,
              "code": "cy.get('#__next > div > footer').scrollIntoView();\ncy.contains('Follow on Twitter').invoke('removeAttr', 'target').click().wait(6000);\ncy.url().should('include', 'telnyx');",
              "err": {},
              "uuid": "14bc9f44-7289-4e2e-a4b5-3b4ccdda725c",
              "parentUUID": "a4c7f79a-c084-4e15-8248-bb8fbee2cb4d",
              "isHook": false,
              "skipped": false
            },
            {
              "title": "TS_0002 To test search results page with valid data",
              "fullTitle": "Testing Telnyx site TS_0002 To test search results page with valid data",
              "timedOut": null,
              "duration": 482,
              "state": "failed",
              "speed": null,
              "pass": false,
              "fail": true,
              "pending": false,
              "context": null,
              "code": "cy.get('header a:nth-child(3)').click({\n  force: true\n});\ncy.get('input[type=\"text\"]').type('telephone{enter}');\ncy.get('.g__space.search-results__row').then($div => {\n  expect($div).to.contain('telephone');\n});",
              "err": {
                "message": "CypressError: `cy.click()` failed because it requires a DOM element.\n\nNo elements in the current DOM matched your query:\n\n  > cy.get(header a:nth-child(3))",
                "estack": "CypressError: `cy.click()` failed because it requires a DOM element.\n\nNo elements in the current DOM matched your query:\n\n  > cy.get(header a:nth-child(3))\n    at isElement (https://telnyx.com/__cypress/runner/cypress_runner.js:157074:70)\n    at validateType (https://telnyx.com/__cypress/runner/cypress_runner.js:156913:14)\n    at Object.isType (https://telnyx.com/__cypress/runner/cypress_runner.js:156948:7)\n    at $Cy.pushSubject (https://telnyx.com/__cypress/runner/cypress_runner.js:156639:22)\n    at wrapped (https://telnyx.com/__cypress/runner/cypress_runner.js:156188:19)\nFrom Your Spec Code:\n    at Context.eval (webpack:///./cypress/e2e/telnyx.cy.js:49:38)",
                "diff": null
              },
              "uuid": "24dfa9f2-5812-44a8-bf6a-bee108d1c88d",
              "parentUUID": "a4c7f79a-c084-4e15-8248-bb8fbee2cb4d",
              "isHook": false,
              "skipped": false
            },
            {
              "title": "TS_0003 To test search results page with invalid data",
              "fullTitle": "Testing Telnyx site TS_0003 To test search results page with invalid data",
              "timedOut": null,
              "duration": 6830,
              "state": "passed",
              "speed": "medium",
              "pass": true,
              "fail": false,
              "pending": false,
              "context": null,
              "code": "let text = (Math.random() + 1).toString(36).substring(5);\ncy.get('header a:nth-child(3)').click({\n  force: true\n});\ncy.get('input[type=\"text\"]').type(text).type('{enter}');\ncy.get(' div > span').then($div => {\n  expect($div).to.have.text('We couldn\\'t find any articles for:');\n});",
              "err": {},
              "uuid": "59be16b4-4038-4bfb-b4b5-5978b7e5634b",
              "parentUUID": "a4c7f79a-c084-4e15-8248-bb8fbee2cb4d",
              "isHook": false,
              "skipped": false
            },
            {
              "title": "TS_0004 To test contact me form with positive scenario",
              "fullTitle": "Testing Telnyx site TS_0004 To test contact me form with positive scenario",
              "timedOut": null,
              "duration": 11722,
              "state": "passed",
              "speed": "slow",
              "pass": true,
              "fail": false,
              "pending": false,
              "context": null,
              "code": "cy.contains('Talk to an expert').click({\n  force: true\n});\ncy.get('#Reason_for_Contact__c').select('Sales Inquiry');\ncy.get('#FirstName').type(userName).should('have.value', userName);\ncy.get('#LastName').type(userName).should('have.value', userName);\ncy.get('#Email').type(email).should('have.value', email);\ncy.get('#Phone_Number_Extension__c').select('+370');\ncy.get('#Phone_Number_Base__c').type(phoneNumber).should('have.value', phoneNumber);\ncy.get('#Website').type(userName).should('have.value', userName);\ncy.get('#Use_Case_Form__c').select('Conversational Messaging');\ncy.get('span > button').click();\ncy.get('#__next > div > main > div > h1').should('be.visible').and('have.text', 'Thanks for Reaching Out!');",
              "err": {},
              "uuid": "959ef479-9b80-4974-96b0-5f3378367917",
              "parentUUID": "a4c7f79a-c084-4e15-8248-bb8fbee2cb4d",
              "isHook": false,
              "skipped": false
            },
            {
              "title": "TS_0005 To test contact me form with empty fields",
              "fullTitle": "Testing Telnyx site TS_0005 To test contact me form with empty fields",
              "timedOut": null,
              "duration": 4975,
              "state": "passed",
              "speed": "fast",
              "pass": true,
              "fail": false,
              "pending": false,
              "context": null,
              "code": "cy.contains('Talk to an expert').click({\n  force: true\n});\ncy.get('span > button').click();\ncy.get('.mktoError').should('be.visible').and('have.text', 'This field is required.');",
              "err": {},
              "uuid": "edbdc063-d1cd-4ae1-96e9-c29284602f71",
              "parentUUID": "a4c7f79a-c084-4e15-8248-bb8fbee2cb4d",
              "isHook": false,
              "skipped": false
            },
            {
              "title": "TS_0006 To test contact me form with invalid data",
              "fullTitle": "Testing Telnyx site TS_0006 To test contact me form with invalid data",
              "timedOut": null,
              "duration": 6831,
              "state": "passed",
              "speed": "medium",
              "pass": true,
              "fail": false,
              "pending": false,
              "context": null,
              "code": "cy.contains('Talk to an expert').click({\n  force: true\n});\ncy.get('#Reason_for_Contact__c').select('Sales Inquiry');\ncy.get('#FirstName').type(randomText).should('have.value', randomText);\ncy.get('#LastName').type(randomText).should('have.value', randomText);\ncy.get('#Email').type(randomText).should('have.value', randomText);\ncy.get('#Phone_Number_Extension__c').select('+370');\ncy.get('#Phone_Number_Base__c').type(randomText).should('have.value', randomText);\ncy.get('#Website').type(randomText).should('have.value', randomText);\ncy.get('#Use_Case_Form__c').select('Conversational Messaging');\ncy.get('span > button').click();\ncy.get('.mktoError').should('be.visible').and('have.text', 'Must be valid email. example@yourdomain.com');",
              "err": {},
              "uuid": "9fdf0fbb-7c5c-43cf-80dd-a0261af9199b",
              "parentUUID": "a4c7f79a-c084-4e15-8248-bb8fbee2cb4d",
              "isHook": false,
              "skipped": false
            },
            {
              "title": "TS_0007 To check the password recovery function",
              "fullTitle": "Testing Telnyx site TS_0007 To check the password recovery function",
              "timedOut": null,
              "duration": 18210,
              "state": "passed",
              "speed": "slow",
              "pass": true,
              "fail": false,
              "pending": false,
              "context": null,
              "code": "cy.contains('Log In').click();\ncy.contains('Forgot your password?').click();\ncy.get('input').type(email);\ncy.contains('Reset password').click();\ncy.get('.Message__MessageCopy-izQIRg').should('be.visible').and('have.text', 'We have accepted your password reset request. If you have a Telnyx account and are unable to reset your password successfully, please contact support for assistance.Log in');",
              "err": {},
              "uuid": "f9144b8e-98ad-4b44-9e30-b9d4177044f7",
              "parentUUID": "a4c7f79a-c084-4e15-8248-bb8fbee2cb4d",
              "isHook": false,
              "skipped": false
            },
            {
              "title": "TS_0008 To test the positive login scenario",
              "fullTitle": "Testing Telnyx site TS_0008 To test the positive login scenario",
              "timedOut": null,
              "duration": 7176,
              "state": "passed",
              "speed": "medium",
              "pass": true,
              "fail": false,
              "pending": false,
              "context": null,
              "code": "cy.get('input[type=\"email\"]').type(email);\ncy.contains('Try for free').click();\ncy.get('#full_name').type(userName);\ncy.get('#password').type(password);\ncy.get('#terms_and_conditions').check({\n  force: true\n});\ncy.contains('Create Account').click(); // cy.get('#__next > div> main > div > h1')\n//   .should('be.visible').and('have.text','We\\'ve sent you an email to activate your account')\n//   .wait(5000)\n// can't do above action, through Capcha",
              "err": {},
              "uuid": "4f9de4aa-03b0-4d85-b9a3-19e1027b1be1",
              "parentUUID": "a4c7f79a-c084-4e15-8248-bb8fbee2cb4d",
              "isHook": false,
              "skipped": false
            },
            {
              "title": "TS_0009_1 To check products menu",
              "fullTitle": "Testing Telnyx site TS_0009_1 To check products menu",
              "timedOut": null,
              "duration": 4441,
              "state": "passed",
              "speed": "fast",
              "pass": true,
              "fail": false,
              "pending": false,
              "context": null,
              "code": "cy.contains('Products').trigger('mouseover');\ncy.get('.sc-7b3980dc-8.iWLbyI').invoke('show');\ncy.contains('Elastic SIP Trunking').invoke('show').click({\n  force: true\n});\ncy.url().should('include', 'sip-trunks');\ncy.get('.sc-31a8cefb-6.eCGKsC > span').should('be.visible').and('have.text', 'Flexible SIP Trunks from a global provider');",
              "err": {},
              "uuid": "5a0f31dd-d2bb-4445-a062-434bd3e805d8",
              "parentUUID": "a4c7f79a-c084-4e15-8248-bb8fbee2cb4d",
              "isHook": false,
              "skipped": false
            },
            {
              "title": "TS_0009_2 To check products menu",
              "fullTitle": "Testing Telnyx site TS_0009_2 To check products menu",
              "timedOut": null,
              "duration": 3680,
              "state": "passed",
              "speed": "fast",
              "pass": true,
              "fail": false,
              "pending": false,
              "context": null,
              "code": "cy.contains('Products').trigger('mouseover');\ncy.get('.sc-7b3980dc-8.iWLbyI').invoke('show');\ncy.contains('Voice API').invoke('show').click({\n  force: true\n});\ncy.url().should('include', 'voice-api');\ncy.get('h1 > span').should('be.visible').and('have.text', 'Voice API');",
              "err": {},
              "uuid": "50c1eee9-1c77-49f2-93f4-4ed933d07a27",
              "parentUUID": "a4c7f79a-c084-4e15-8248-bb8fbee2cb4d",
              "isHook": false,
              "skipped": false
            },
            {
              "title": "TS_0009_3 To check products menu",
              "fullTitle": "Testing Telnyx site TS_0009_3 To check products menu",
              "timedOut": null,
              "duration": 2510,
              "state": "passed",
              "speed": "fast",
              "pass": true,
              "fail": false,
              "pending": false,
              "context": null,
              "code": "cy.contains('Products').trigger('mouseover');\ncy.get('.sc-7b3980dc-8.iWLbyI').invoke('show');\ncy.contains('Global Numbers').invoke('show').click({\n  force: true\n});\ncy.url().should('include', 'phone-numbers');\ncy.get('h1 > span > strong').should('be.visible').and('have.text', 'Buy business numbers on demand.');",
              "err": {},
              "uuid": "85aa253b-2a24-4125-acf3-e260627f92e4",
              "parentUUID": "a4c7f79a-c084-4e15-8248-bb8fbee2cb4d",
              "isHook": false,
              "skipped": false
            },
            {
              "title": "TS_0010 To check the link to the call",
              "fullTitle": "Testing Telnyx site TS_0010 To check the link to the call",
              "timedOut": null,
              "duration": 1617,
              "state": "passed",
              "speed": "fast",
              "pass": true,
              "fail": false,
              "pending": false,
              "context": null,
              "code": "cy.contains('Call Us').click({\n  force: true\n});\ncy.get('#telnyx-click2call-dialog > div > div > h4').should('be.visible').and('have.text', 'Talk to an Expert');",
              "err": {},
              "uuid": "2c1868ce-fc5f-4cee-8b0b-d85cb4dfdb6a",
              "parentUUID": "a4c7f79a-c084-4e15-8248-bb8fbee2cb4d",
              "isHook": false,
              "skipped": false
            }
          ],
          "suites": [],
          "passes": [
            "7aa0fe2e-a313-4385-9b3d-255ffe426f4a",
            "a6c10e81-4fa4-4432-a4c5-9d5444a1359b",
            "14bc9f44-7289-4e2e-a4b5-3b4ccdda725c",
            "59be16b4-4038-4bfb-b4b5-5978b7e5634b",
            "959ef479-9b80-4974-96b0-5f3378367917",
            "edbdc063-d1cd-4ae1-96e9-c29284602f71",
            "9fdf0fbb-7c5c-43cf-80dd-a0261af9199b",
            "f9144b8e-98ad-4b44-9e30-b9d4177044f7",
            "4f9de4aa-03b0-4d85-b9a3-19e1027b1be1",
            "5a0f31dd-d2bb-4445-a062-434bd3e805d8",
            "50c1eee9-1c77-49f2-93f4-4ed933d07a27",
            "85aa253b-2a24-4125-acf3-e260627f92e4",
            "2c1868ce-fc5f-4cee-8b0b-d85cb4dfdb6a"
          ],
          "failures": [
            "24dfa9f2-5812-44a8-bf6a-bee108d1c88d"
          ],
          "pending": [],
          "skipped": [],
          "duration": 89930,
          "root": false,
          "rootEmpty": false,
          "_timeout": 2000
        }
      ],
      "passes": [],
      "failures": [],
      "pending": [],
      "skipped": [],
      "duration": 0,
      "root": true,
      "rootEmpty": true,
      "_timeout": 2000
    }
  ],
  "meta": {
    "mocha": {
      "version": "7.0.1"
    },
    "mochawesome": {
      "options": {
        "quiet": false,
        "reportFilename": "mochawesome",
        "saveHtml": false,
        "saveJson": true,
        "consoleReporter": "spec",
        "useInlineDiffs": false,
        "code": true
      },
      "version": "7.1.3"
    },
    "marge": {
      "options": {
        "reportDir": "cypress/results",
        "overwrite": false,
        "html": false,
        "json": true
      },
      "version": "6.2.0"
    }
  }
}