{
  "stats": {
    "suites": 1,
    "tests": 1,
    "passes": 1,
    "pending": 0,
    "failures": 0,
    "start": "2023-01-06T13:05:19.390Z",
    "end": "2023-01-06T13:05:27.547Z",
    "duration": 8157,
    "testsRegistered": 1,
    "passPercent": 100,
    "pendingPercent": 0,
    "other": 0,
    "hasOther": false,
    "skipped": 0,
    "hasSkipped": false
  },
  "results": [
    {
      "uuid": "5c40425b-5bcd-4927-bcde-766e2f73ad46",
      "title": "",
      "fullFile": "cypress\\e2e\\telnyx.cy.js",
      "file": "cypress\\e2e\\telnyx.cy.js",
      "beforeHooks": [],
      "afterHooks": [],
      "tests": [],
      "suites": [
        {
          "uuid": "d4538964-a0d7-4057-8ee8-a246100f9ea8",
          "title": "Testing Telnyx site",
          "fullFile": "",
          "file": "",
          "beforeHooks": [],
          "afterHooks": [],
          "tests": [
            {
              "title": "TS_0003 To test search results page with invalid data",
              "fullTitle": "Testing Telnyx site TS_0003 To test search results page with invalid data",
              "timedOut": null,
              "duration": 7764,
              "state": "passed",
              "speed": "medium",
              "pass": true,
              "fail": false,
              "pending": false,
              "context": null,
              "code": "_searchPage.default.clickSupportCenter();\n_searchPage.default.inputInvalidData(randomText);\n_searchPage.default.elements.searchNoResult('have.text', 'We couldn\\'t find any articles for:');",
              "err": {},
              "uuid": "59841191-e63b-493e-a772-e876d62f158d",
              "parentUUID": "d4538964-a0d7-4057-8ee8-a246100f9ea8",
              "isHook": false,
              "skipped": false
            }
          ],
          "suites": [],
          "passes": [
            "59841191-e63b-493e-a772-e876d62f158d"
          ],
          "failures": [],
          "pending": [],
          "skipped": [],
          "duration": 7764,
          "root": false,
          "rootEmpty": false,
          "_timeout": 2000
        }
      ],
      "passes": [],
      "failures": [],
      "pending": [],
      "skipped": [],
      "duration": 0,
      "root": true,
      "rootEmpty": true,
      "_timeout": 2000
    }
  ],
  "meta": {
    "mocha": {
      "version": "7.0.1"
    },
    "mochawesome": {
      "options": {
        "quiet": false,
        "reportFilename": "mochawesome",
        "saveHtml": true,
        "saveJson": true,
        "consoleReporter": "spec",
        "useInlineDiffs": false,
        "code": true
      },
      "version": "7.1.3"
    },
    "marge": {
      "options": {
        "reportDir": "cypress/results",
        "overwrite": false,
        "html": true,
        "json": true
      },
      "version": "6.2.0"
    }
  }
}