{
  "stats": {
    "suites": 2,
    "tests": 14,
    "passes": 14,
    "pending": 0,
    "failures": 0,
    "start": "2023-01-06T13:06:48.926Z",
    "end": "2023-01-06T13:08:17.561Z",
    "duration": 88635,
    "testsRegistered": 14,
    "passPercent": 100,
    "pendingPercent": 0,
    "other": 0,
    "hasOther": false,
    "skipped": 0,
    "hasSkipped": false
  },
  "results": [
    {
      "uuid": "330bcacd-da2c-4fcd-8619-13d30f04a233",
      "title": "",
      "fullFile": "cypress\\e2e\\telnyx.cy.js",
      "file": "cypress\\e2e\\telnyx.cy.js",
      "beforeHooks": [],
      "afterHooks": [],
      "tests": [],
      "suites": [
        {
          "uuid": "e90e9289-f820-487c-baf1-be33f56e06a2",
          "title": "Testing Telnyx site",
          "fullFile": "",
          "file": "",
          "beforeHooks": [],
          "afterHooks": [],
          "tests": [
            {
              "title": "TS_0002 To test search results page with valid data",
              "fullTitle": "Testing Telnyx site TS_0002 To test search results page with valid data",
              "timedOut": null,
              "duration": 6319,
              "state": "passed",
              "speed": "medium",
              "pass": true,
              "fail": false,
              "pending": false,
              "context": null,
              "code": "_searchPage.default.clickSupportCenter();\n_searchPage.default.inputValidData();\n_searchPage.default.elements.searchResult('have.text', 'telephone');",
              "err": {},
              "uuid": "2b8de66a-ea79-4404-a32a-9fe25b1d73a4",
              "parentUUID": "e90e9289-f820-487c-baf1-be33f56e06a2",
              "isHook": false,
              "skipped": false
            },
            {
              "title": "TS_0003 To test search results page with invalid data",
              "fullTitle": "Testing Telnyx site TS_0003 To test search results page with invalid data",
              "timedOut": null,
              "duration": 4774,
              "state": "passed",
              "speed": "fast",
              "pass": true,
              "fail": false,
              "pending": false,
              "context": null,
              "code": "_searchPage.default.clickSupportCenter();\n_searchPage.default.inputInvalidData(randomText);\n_searchPage.default.elements.searchNoResult('have.text', 'We couldn\\'t find any articles for:');",
              "err": {},
              "uuid": "a9d5c88a-0ef2-4ab8-a5d3-527ce3300019",
              "parentUUID": "e90e9289-f820-487c-baf1-be33f56e06a2",
              "isHook": false,
              "skipped": false
            },
            {
              "title": "TS_0004 To test contact me form with positive scenario",
              "fullTitle": "Testing Telnyx site TS_0004 To test contact me form with positive scenario",
              "timedOut": null,
              "duration": 11087,
              "state": "passed",
              "speed": "slow",
              "pass": true,
              "fail": false,
              "pending": false,
              "context": null,
              "code": "_contactMePage.default.clickTalkToExpert();\n_contactMePage.default.selectReasonMenu();\n_contactMePage.default.fillingForm(this.data.Username, email, this.data.PhoneNumber);\n_contactMePage.default.selectPhoneNumber();\n_contactMePage.default.selectPrimaryInterest();\n_contactMePage.default.clickSubmitButton();\n_contactMePage.default.elements.title().should('be.visible').and('have.text', 'Thanks for Reaching Out!');",
              "err": {},
              "uuid": "f4435153-10cb-42e8-b9ec-62aaf73628fc",
              "parentUUID": "e90e9289-f820-487c-baf1-be33f56e06a2",
              "isHook": false,
              "skipped": false
            },
            {
              "title": "TS_0005 To test contact me form with empty fields",
              "fullTitle": "Testing Telnyx site TS_0005 To test contact me form with empty fields",
              "timedOut": null,
              "duration": 4126,
              "state": "passed",
              "speed": "fast",
              "pass": true,
              "fail": false,
              "pending": false,
              "context": null,
              "code": "_contactMePage.default.clickTalkToExpert();\n_contactMePage.default.clickSubmitButton();\n_contactMePage.default.elements.alertMessage().should('be.visible').and('have.text', 'This field is required.');",
              "err": {},
              "uuid": "40bab531-fd10-407d-aafc-f9180df58a91",
              "parentUUID": "e90e9289-f820-487c-baf1-be33f56e06a2",
              "isHook": false,
              "skipped": false
            },
            {
              "title": "TS_0006 To test contact me form with invalid data",
              "fullTitle": "Testing Telnyx site TS_0006 To test contact me form with invalid data",
              "timedOut": null,
              "duration": 8155,
              "state": "passed",
              "speed": "medium",
              "pass": true,
              "fail": false,
              "pending": false,
              "context": null,
              "code": "_contactMePage.default.clickTalkToExpert();\n_contactMePage.default.selectReasonMenu();\n_contactMePage.default.fillingForm(randomText, randomText, randomText);\n_contactMePage.default.selectPhoneNumber();\n_contactMePage.default.selectPrimaryInterest();\n_contactMePage.default.clickSubmitButton();\n_contactMePage.default.elements.alertMessage().should('be.visible').and('have.text', 'Must be valid email. example@yourdomain.com');",
              "err": {},
              "uuid": "99ba5bf4-d3b4-426d-8a80-abc9acf5d815",
              "parentUUID": "e90e9289-f820-487c-baf1-be33f56e06a2",
              "isHook": false,
              "skipped": false
            },
            {
              "title": "TS_0007 To check the password recovery function",
              "fullTitle": "Testing Telnyx site TS_0007 To check the password recovery function",
              "timedOut": null,
              "duration": 16940,
              "state": "passed",
              "speed": "slow",
              "pass": true,
              "fail": false,
              "pending": false,
              "context": null,
              "code": "_loginPage.default.clickLoginLink();\n_loginPage.default.clickForgotPasswordLink();\n_loginPage.default.inputEmail(email);\n_loginPage.default.clickResetButton();",
              "err": {},
              "uuid": "d043f854-eb34-458c-87cd-1c9d961d3a18",
              "parentUUID": "e90e9289-f820-487c-baf1-be33f56e06a2",
              "isHook": false,
              "skipped": false
            },
            {
              "title": "TS_0008 To test the positive login scenario",
              "fullTitle": "Testing Telnyx site TS_0008 To test the positive login scenario",
              "timedOut": null,
              "duration": 7314,
              "state": "passed",
              "speed": "medium",
              "pass": true,
              "fail": false,
              "pending": false,
              "context": null,
              "code": "_easyRegisterPage.default.inputEmail(email);\n_easyRegisterPage.default.clickTryForFree();\n_easyRegisterPage.default.fillForm(this.data.Username, password);\n_easyRegisterPage.default.clickCreateButton();",
              "err": {},
              "uuid": "9a1972cb-647c-45cc-a53c-b30796ccfb2a",
              "parentUUID": "e90e9289-f820-487c-baf1-be33f56e06a2",
              "isHook": false,
              "skipped": false
            },
            {
              "title": "TS_0009_1 To check products menu",
              "fullTitle": "Testing Telnyx site TS_0009_1 To check products menu",
              "timedOut": null,
              "duration": 2925,
              "state": "passed",
              "speed": "fast",
              "pass": true,
              "fail": false,
              "pending": false,
              "context": null,
              "code": "_menuPage.default.hoverProducts();\n_menuPage.default.visibleProductsList();\n_menuPage.default.clickElastic();",
              "err": {},
              "uuid": "f729ee37-95d1-4626-ac25-515308b57deb",
              "parentUUID": "e90e9289-f820-487c-baf1-be33f56e06a2",
              "isHook": false,
              "skipped": false
            },
            {
              "title": "TS_0009_2 To check products menu",
              "fullTitle": "Testing Telnyx site TS_0009_2 To check products menu",
              "timedOut": null,
              "duration": 4349,
              "state": "passed",
              "speed": "fast",
              "pass": true,
              "fail": false,
              "pending": false,
              "context": null,
              "code": "_menuPage.default.hoverProducts();\n_menuPage.default.visibleProductsList();\n_menuPage.default.clickVoiceApi();",
              "err": {},
              "uuid": "558b61de-c20e-408e-8256-16da90978d70",
              "parentUUID": "e90e9289-f820-487c-baf1-be33f56e06a2",
              "isHook": false,
              "skipped": false
            },
            {
              "title": "TS_0009_3 To check products menu",
              "fullTitle": "Testing Telnyx site TS_0009_3 To check products menu",
              "timedOut": null,
              "duration": 3060,
              "state": "passed",
              "speed": "fast",
              "pass": true,
              "fail": false,
              "pending": false,
              "context": null,
              "code": "_menuPage.default.hoverProducts();\n_menuPage.default.visibleProductsList();\n_menuPage.default.clickGlobalNumbers();",
              "err": {},
              "uuid": "07149478-8cfb-4748-a800-df0861351019",
              "parentUUID": "e90e9289-f820-487c-baf1-be33f56e06a2",
              "isHook": false,
              "skipped": false
            },
            {
              "title": "TS_0010 To check the link to the call",
              "fullTitle": "Testing Telnyx site TS_0010 To check the link to the call",
              "timedOut": null,
              "duration": 2584,
              "state": "passed",
              "speed": "fast",
              "pass": true,
              "fail": false,
              "pending": false,
              "context": null,
              "code": "_mainPage.default.clickCallUsLink();\n_mainPage.default.elements.callDialog().should('be.visible').and('have.text', 'Talk to an Expert');",
              "err": {},
              "uuid": "61c02673-3d0f-4f2a-bcb1-b8ae873336fb",
              "parentUUID": "e90e9289-f820-487c-baf1-be33f56e06a2",
              "isHook": false,
              "skipped": false
            }
          ],
          "suites": [
            {
              "uuid": "24981863-53f9-40b6-9430-51078d5ab6f8",
              "title": "Testing Media Links",
              "fullFile": "",
              "file": "",
              "beforeHooks": [],
              "afterHooks": [],
              "tests": [
                {
                  "title": "TS_0001_1 To check clickability, link to Linkedin",
                  "fullTitle": "Testing Telnyx site Testing Media Links TS_0001_1 To check clickability, link to Linkedin",
                  "timedOut": null,
                  "duration": 1806,
                  "state": "passed",
                  "speed": "fast",
                  "pass": true,
                  "fail": false,
                  "pending": false,
                  "context": null,
                  "code": "_mainPage.default.scrollToFooter();\n_mainPage.default.clickLinkedinLink();",
                  "err": {},
                  "uuid": "ccd12a76-1fba-4900-9724-7c34fe0da09a",
                  "parentUUID": "24981863-53f9-40b6-9430-51078d5ab6f8",
                  "isHook": false,
                  "skipped": false
                },
                {
                  "title": "TS_0001_2 To check clickability, link to Facebook",
                  "fullTitle": "Testing Telnyx site Testing Media Links TS_0001_2 To check clickability, link to Facebook",
                  "timedOut": null,
                  "duration": 2994,
                  "state": "passed",
                  "speed": "fast",
                  "pass": true,
                  "fail": false,
                  "pending": false,
                  "context": null,
                  "code": "_mainPage.default.scrollToFooter();\n_mainPage.default.clickFacebookLink();\ncy.url().should('include', 'Telnyx');",
                  "err": {},
                  "uuid": "903d2f3d-6470-426f-8046-9c7148927faf",
                  "parentUUID": "24981863-53f9-40b6-9430-51078d5ab6f8",
                  "isHook": false,
                  "skipped": false
                },
                {
                  "title": "TS_0001_3 To check clickability, link to Twitter",
                  "fullTitle": "Testing Telnyx site Testing Media Links TS_0001_3 To check clickability, link to Twitter",
                  "timedOut": null,
                  "duration": 5380,
                  "state": "passed",
                  "speed": "medium",
                  "pass": true,
                  "fail": false,
                  "pending": false,
                  "context": null,
                  "code": "_mainPage.default.scrollToFooter();\n_mainPage.default.clickTwitterLink();\ncy.url().should('include', 'telnyx');",
                  "err": {},
                  "uuid": "46df819e-b392-4ca7-b4d3-6a9ecb3b98ba",
                  "parentUUID": "24981863-53f9-40b6-9430-51078d5ab6f8",
                  "isHook": false,
                  "skipped": false
                }
              ],
              "suites": [],
              "passes": [
                "ccd12a76-1fba-4900-9724-7c34fe0da09a",
                "903d2f3d-6470-426f-8046-9c7148927faf",
                "46df819e-b392-4ca7-b4d3-6a9ecb3b98ba"
              ],
              "failures": [],
              "pending": [],
              "skipped": [],
              "duration": 10180,
              "root": false,
              "rootEmpty": false,
              "_timeout": 2000
            }
          ],
          "passes": [
            "2b8de66a-ea79-4404-a32a-9fe25b1d73a4",
            "a9d5c88a-0ef2-4ab8-a5d3-527ce3300019",
            "f4435153-10cb-42e8-b9ec-62aaf73628fc",
            "40bab531-fd10-407d-aafc-f9180df58a91",
            "99ba5bf4-d3b4-426d-8a80-abc9acf5d815",
            "d043f854-eb34-458c-87cd-1c9d961d3a18",
            "9a1972cb-647c-45cc-a53c-b30796ccfb2a",
            "f729ee37-95d1-4626-ac25-515308b57deb",
            "558b61de-c20e-408e-8256-16da90978d70",
            "07149478-8cfb-4748-a800-df0861351019",
            "61c02673-3d0f-4f2a-bcb1-b8ae873336fb"
          ],
          "failures": [],
          "pending": [],
          "skipped": [],
          "duration": 71633,
          "root": false,
          "rootEmpty": false,
          "_timeout": 2000
        }
      ],
      "passes": [],
      "failures": [],
      "pending": [],
      "skipped": [],
      "duration": 0,
      "root": true,
      "rootEmpty": true,
      "_timeout": 2000
    }
  ],
  "meta": {
    "mocha": {
      "version": "7.0.1"
    },
    "mochawesome": {
      "options": {
        "quiet": false,
        "reportFilename": "mochawesome",
        "saveHtml": true,
        "saveJson": true,
        "consoleReporter": "spec",
        "useInlineDiffs": false,
        "code": true
      },
      "version": "7.1.3"
    },
    "marge": {
      "options": {
        "reportDir": "cypress/results",
        "overwrite": false,
        "html": true,
        "json": true
      },
      "version": "6.2.0"
    }
  }
}