{
  "stats": {
    "suites": 1,
    "tests": 14,
    "passes": 12,
    "pending": 0,
    "failures": 2,
    "start": "2023-01-06T12:36:33.653Z",
    "end": "2023-01-06T12:38:01.510Z",
    "duration": 87857,
    "testsRegistered": 14,
    "passPercent": 85.71428571428571,
    "pendingPercent": 0,
    "other": 0,
    "hasOther": false,
    "skipped": 0,
    "hasSkipped": false
  },
  "results": [
    {
      "uuid": "225df268-c6e1-42b0-a8d1-f76a6a871bed",
      "title": "",
      "fullFile": "cypress\\e2e\\telnyx.cy.js",
      "file": "cypress\\e2e\\telnyx.cy.js",
      "beforeHooks": [],
      "afterHooks": [],
      "tests": [],
      "suites": [
        {
          "uuid": "7b63b768-c392-4943-9790-73d30f3e3a4e",
          "title": "Testing Telnyx site",
          "fullFile": "",
          "file": "",
          "beforeHooks": [],
          "afterHooks": [],
          "tests": [
            {
              "title": "TS_0001_1 To check clickability, link to Linkedin",
              "fullTitle": "Testing Telnyx site TS_0001_1 To check clickability, link to Linkedin",
              "timedOut": null,
              "duration": 2950,
              "state": "passed",
              "speed": "fast",
              "pass": true,
              "fail": false,
              "pending": false,
              "context": null,
              "code": "_mainPage.default.scrollToFooter();\n_mainPage.default.clickLinkedinLink();",
              "err": {},
              "uuid": "f7b22a4f-b427-4490-8c7f-ce6b809475f3",
              "parentUUID": "7b63b768-c392-4943-9790-73d30f3e3a4e",
              "isHook": false,
              "skipped": false
            },
            {
              "title": "TS_0001_2 To check clickability, link to Facebook",
              "fullTitle": "Testing Telnyx site TS_0001_2 To check clickability, link to Facebook",
              "timedOut": null,
              "duration": 4245,
              "state": "passed",
              "speed": "fast",
              "pass": true,
              "fail": false,
              "pending": false,
              "context": null,
              "code": "_mainPage.default.scrollToFooter();\n_mainPage.default.clickFacebookLink();\ncy.url().should('include', 'Telnyx');",
              "err": {},
              "uuid": "b4e1b34a-e26e-4fd0-b056-3942de131eca",
              "parentUUID": "7b63b768-c392-4943-9790-73d30f3e3a4e",
              "isHook": false,
              "skipped": false
            },
            {
              "title": "TS_0001_3 To check clickability, link to Twitter",
              "fullTitle": "Testing Telnyx site TS_0001_3 To check clickability, link to Twitter",
              "timedOut": null,
              "duration": 5297,
              "state": "passed",
              "speed": "medium",
              "pass": true,
              "fail": false,
              "pending": false,
              "context": null,
              "code": "_mainPage.default.scrollToFooter();\n_mainPage.default.clickTwitterLink();\ncy.url().should('include', 'telnyx');",
              "err": {},
              "uuid": "8804150a-78b6-4383-9fad-2832c620a1e1",
              "parentUUID": "7b63b768-c392-4943-9790-73d30f3e3a4e",
              "isHook": false,
              "skipped": false
            },
            {
              "title": "TS_0002 To test search results page with valid data",
              "fullTitle": "Testing Telnyx site TS_0002 To test search results page with valid data",
              "timedOut": null,
              "duration": 531,
              "state": "failed",
              "speed": null,
              "pass": false,
              "fail": true,
              "pending": false,
              "context": null,
              "code": "_searchPage.default.clickSupportCenter();\n_searchPage.default.inputValidData();\n_searchPage.default.elements.searchResult().then($div => {\n  expect($div).to.contain('telephone');\n});",
              "err": {
                "message": "CypressError: `cy.click()` failed because it requires a DOM element.\n\nThe subject received was:\n\n  > `undefined`\n\nThe previous command that ran was:\n\n  > `cy.contains()`",
                "estack": "CypressError: `cy.click()` failed because it requires a DOM element.\n\nThe subject received was:\n\n  > `undefined`\n\nThe previous command that ran was:\n\n  > `cy.contains()`\n    at isElement (https://telnyx.com/__cypress/runner/cypress_runner.js:157084:66)\n    at validateType (https://telnyx.com/__cypress/runner/cypress_runner.js:156913:14)\n    at Object.isType (https://telnyx.com/__cypress/runner/cypress_runner.js:156948:7)\n    at $Cy.pushSubject (https://telnyx.com/__cypress/runner/cypress_runner.js:156639:22)\n    at wrapped (https://telnyx.com/__cypress/runner/cypress_runner.js:156188:19)\nFrom Your Spec Code:\n    at Context.eval (webpack:///./cypress/e2e/telnyx.cy.js:22:40)",
                "diff": null
              },
              "uuid": "49ef36e7-2ca6-452e-8ac5-904b4a27d3fe",
              "parentUUID": "7b63b768-c392-4943-9790-73d30f3e3a4e",
              "isHook": false,
              "skipped": false
            },
            {
              "title": "TS_0003 To test search results page with invalid data",
              "fullTitle": "Testing Telnyx site TS_0003 To test search results page with invalid data",
              "timedOut": null,
              "duration": 6410,
              "state": "passed",
              "speed": "medium",
              "pass": true,
              "fail": false,
              "pending": false,
              "context": null,
              "code": "_searchPage.default.clickSupportCenter();\n_searchPage.default.inputInvalidData(randomText);\n_searchPage.default.elements.searchNoResult().then($div => {\n  expect($div).to.have.text('We couldn\\'t find any articles for:');\n});",
              "err": {},
              "uuid": "a9e693f1-9a0e-4711-9b50-4ec90866ce52",
              "parentUUID": "7b63b768-c392-4943-9790-73d30f3e3a4e",
              "isHook": false,
              "skipped": false
            },
            {
              "title": "TS_0004 To test contact me form with positive scenario",
              "fullTitle": "Testing Telnyx site TS_0004 To test contact me form with positive scenario",
              "timedOut": null,
              "duration": 11475,
              "state": "passed",
              "speed": "slow",
              "pass": true,
              "fail": false,
              "pending": false,
              "context": null,
              "code": "_contactMePage.default.clickTalkToExpert();\n_contactMePage.default.selectReasonMenu();\n_contactMePage.default.fillingForm(this.data.Username, email, this.data.PhoneNumber);\n_contactMePage.default.selectPhoneNumber();\n_contactMePage.default.selectPrimaryInterest();\n_contactMePage.default.clickSubmitButton();\n_contactMePage.default.elements.title().should('be.visible').and('have.text', 'Thanks for Reaching Out!');",
              "err": {},
              "uuid": "3b16daa9-ae07-4b6c-920d-7492bc3bd687",
              "parentUUID": "7b63b768-c392-4943-9790-73d30f3e3a4e",
              "isHook": false,
              "skipped": false
            },
            {
              "title": "TS_0005 To test contact me form with empty fields",
              "fullTitle": "Testing Telnyx site TS_0005 To test contact me form with empty fields",
              "timedOut": null,
              "duration": 4742,
              "state": "passed",
              "speed": "fast",
              "pass": true,
              "fail": false,
              "pending": false,
              "context": null,
              "code": "_contactMePage.default.clickTalkToExpert();\n_contactMePage.default.clickSubmitButton();\n_contactMePage.default.elements.alertMessage().should('be.visible').and('have.text', 'This field is required.');",
              "err": {},
              "uuid": "579d0278-0efd-4416-8d7c-4a7411515d3c",
              "parentUUID": "7b63b768-c392-4943-9790-73d30f3e3a4e",
              "isHook": false,
              "skipped": false
            },
            {
              "title": "TS_0006 To test contact me form with invalid data",
              "fullTitle": "Testing Telnyx site TS_0006 To test contact me form with invalid data",
              "timedOut": null,
              "duration": 7324,
              "state": "passed",
              "speed": "medium",
              "pass": true,
              "fail": false,
              "pending": false,
              "context": null,
              "code": "_contactMePage.default.clickTalkToExpert();\n_contactMePage.default.selectReasonMenu();\n_contactMePage.default.fillingForm(randomText, randomText, randomText);\n_contactMePage.default.selectPhoneNumber();\n_contactMePage.default.selectPrimaryInterest();\n_contactMePage.default.clickSubmitButton();\n_contactMePage.default.elements.alertMessage().should('be.visible').and('have.text', 'Must be valid email. example@yourdomain.com');",
              "err": {},
              "uuid": "d8d2e776-4f88-427e-afd7-5e2ae2d27d4e",
              "parentUUID": "7b63b768-c392-4943-9790-73d30f3e3a4e",
              "isHook": false,
              "skipped": false
            },
            {
              "title": "TS_0007 To check the password recovery function",
              "fullTitle": "Testing Telnyx site TS_0007 To check the password recovery function",
              "timedOut": null,
              "duration": 13717,
              "state": "passed",
              "speed": "slow",
              "pass": true,
              "fail": false,
              "pending": false,
              "context": null,
              "code": "_loginPage.default.clickLoginLink();\n_loginPage.default.clickForgotPasswordLink();\n_loginPage.default.inputEmail(email);\n_loginPage.default.clickResetButton();",
              "err": {},
              "uuid": "f9acf670-5469-4ccc-8be9-b5230f246273",
              "parentUUID": "7b63b768-c392-4943-9790-73d30f3e3a4e",
              "isHook": false,
              "skipped": false
            },
            {
              "title": "TS_0008 To test the positive login scenario",
              "fullTitle": "Testing Telnyx site TS_0008 To test the positive login scenario",
              "timedOut": null,
              "duration": 7016,
              "state": "passed",
              "speed": "medium",
              "pass": true,
              "fail": false,
              "pending": false,
              "context": null,
              "code": "_easyRegisterPage.default.inputEmail(email);\n_easyRegisterPage.default.clickTryForFree();\n_easyRegisterPage.default.fillForm(this.data.Username, password);\n_easyRegisterPage.default.clickCreateButton();",
              "err": {},
              "uuid": "869c4b54-f0fc-4f2c-8714-bc07d331d97c",
              "parentUUID": "7b63b768-c392-4943-9790-73d30f3e3a4e",
              "isHook": false,
              "skipped": false
            },
            {
              "title": "TS_0009_1 To check products menu",
              "fullTitle": "Testing Telnyx site TS_0009_1 To check products menu",
              "timedOut": null,
              "duration": 7405,
              "state": "failed",
              "speed": null,
              "pass": false,
              "fail": true,
              "pending": false,
              "context": null,
              "code": "_menuPage.default.hoverProducts();\n_menuPage.default.visibleProductsList();\n_menuPage.default.clickElastic();",
              "err": {
                "message": "AssertionError: Timed out retrying after 4000ms: expected '<span>' to have text 'Flexible SIP Trunks from a global provider', but the text was 'Leading Global SIP Trunking Provider'",
                "estack": "AssertionError: Timed out retrying after 4000ms: expected '<span>' to have text 'Flexible SIP Trunks from a global provider', but the text was 'Leading Global SIP Trunking Provider'\n    at menuPage.clickElastic (webpack:///./cypress/pages/menuPage.js:42:13)\n    at Context.eval (webpack:///./cypress/e2e/telnyx.cy.js:142:15)",
                "diff": "- 'Leading Global SIP Trunking Provider'\n+ 'Flexible SIP Trunks from a global provider'\n"
              },
              "uuid": "574ac0b4-cf07-422c-bd10-c01c958c21f7",
              "parentUUID": "7b63b768-c392-4943-9790-73d30f3e3a4e",
              "isHook": false,
              "skipped": false
            },
            {
              "title": "TS_0009_2 To check products menu",
              "fullTitle": "Testing Telnyx site TS_0009_2 To check products menu",
              "timedOut": null,
              "duration": 3653,
              "state": "passed",
              "speed": "fast",
              "pass": true,
              "fail": false,
              "pending": false,
              "context": null,
              "code": "_menuPage.default.hoverProducts();\n_menuPage.default.visibleProductsList();\n_menuPage.default.clickVoiceApi();",
              "err": {},
              "uuid": "a1048a3a-e3a8-49e6-adee-121a63325fcf",
              "parentUUID": "7b63b768-c392-4943-9790-73d30f3e3a4e",
              "isHook": false,
              "skipped": false
            },
            {
              "title": "TS_0009_3 To check products menu",
              "fullTitle": "Testing Telnyx site TS_0009_3 To check products menu",
              "timedOut": null,
              "duration": 3845,
              "state": "passed",
              "speed": "fast",
              "pass": true,
              "fail": false,
              "pending": false,
              "context": null,
              "code": "_menuPage.default.hoverProducts();\n_menuPage.default.visibleProductsList();\n_menuPage.default.clickGlobalNumbers();",
              "err": {},
              "uuid": "81b78d14-fcf0-45f6-8734-c442e6da5e5d",
              "parentUUID": "7b63b768-c392-4943-9790-73d30f3e3a4e",
              "isHook": false,
              "skipped": false
            },
            {
              "title": "TS_0010 To check the link to the call",
              "fullTitle": "Testing Telnyx site TS_0010 To check the link to the call",
              "timedOut": null,
              "duration": 2011,
              "state": "passed",
              "speed": "fast",
              "pass": true,
              "fail": false,
              "pending": false,
              "context": null,
              "code": "_mainPage.default.clickCallUsLink();\n_mainPage.default.elements.callDialog().should('be.visible').and('have.text', 'Talk to an Expert');",
              "err": {},
              "uuid": "766e70af-c060-4f5a-8119-4292f2ccd8fb",
              "parentUUID": "7b63b768-c392-4943-9790-73d30f3e3a4e",
              "isHook": false,
              "skipped": false
            }
          ],
          "suites": [],
          "passes": [
            "f7b22a4f-b427-4490-8c7f-ce6b809475f3",
            "b4e1b34a-e26e-4fd0-b056-3942de131eca",
            "8804150a-78b6-4383-9fad-2832c620a1e1",
            "a9e693f1-9a0e-4711-9b50-4ec90866ce52",
            "3b16daa9-ae07-4b6c-920d-7492bc3bd687",
            "579d0278-0efd-4416-8d7c-4a7411515d3c",
            "d8d2e776-4f88-427e-afd7-5e2ae2d27d4e",
            "f9acf670-5469-4ccc-8be9-b5230f246273",
            "869c4b54-f0fc-4f2c-8714-bc07d331d97c",
            "a1048a3a-e3a8-49e6-adee-121a63325fcf",
            "81b78d14-fcf0-45f6-8734-c442e6da5e5d",
            "766e70af-c060-4f5a-8119-4292f2ccd8fb"
          ],
          "failures": [
            "49ef36e7-2ca6-452e-8ac5-904b4a27d3fe",
            "574ac0b4-cf07-422c-bd10-c01c958c21f7"
          ],
          "pending": [],
          "skipped": [],
          "duration": 80621,
          "root": false,
          "rootEmpty": false,
          "_timeout": 2000
        }
      ],
      "passes": [],
      "failures": [],
      "pending": [],
      "skipped": [],
      "duration": 0,
      "root": true,
      "rootEmpty": true,
      "_timeout": 2000
    }
  ],
  "meta": {
    "mocha": {
      "version": "7.0.1"
    },
    "mochawesome": {
      "options": {
        "quiet": false,
        "reportFilename": "mochawesome",
        "saveHtml": true,
        "saveJson": true,
        "consoleReporter": "spec",
        "useInlineDiffs": false,
        "code": true
      },
      "version": "7.1.3"
    },
    "marge": {
      "options": {
        "reportDir": "cypress/results",
        "overwrite": false,
        "html": true,
        "json": true
      },
      "version": "6.2.0"
    }
  }
}