{
  "stats": {
    "suites": 1,
    "tests": 14,
    "passes": 13,
    "pending": 0,
    "failures": 1,
    "start": "2022-12-29T12:51:56.662Z",
    "end": "2022-12-29T12:53:19.863Z",
    "duration": 83201,
    "testsRegistered": 14,
    "passPercent": 92.85714285714286,
    "pendingPercent": 0,
    "other": 0,
    "hasOther": false,
    "skipped": 0,
    "hasSkipped": false
  },
  "results": [
    {
      "uuid": "fee4b402-c9af-41b8-8ba1-bca7eb3bf764",
      "title": "",
      "fullFile": "cypress\\e2e\\telnyx.cy.js",
      "file": "cypress\\e2e\\telnyx.cy.js",
      "beforeHooks": [],
      "afterHooks": [],
      "tests": [],
      "suites": [
        {
          "uuid": "e6fb2b11-c226-4967-8cde-d97d0d6ef253",
          "title": "Testing Telnyx site",
          "fullFile": "",
          "file": "",
          "beforeHooks": [],
          "afterHooks": [],
          "tests": [
            {
              "title": "TS_0001_1 To check clickability, link to Linkedin",
              "fullTitle": "Testing Telnyx site TS_0001_1 To check clickability, link to Linkedin",
              "timedOut": null,
              "duration": 2104,
              "state": "passed",
              "speed": "fast",
              "pass": true,
              "fail": false,
              "pending": false,
              "context": null,
              "code": "_mainPage.default.scrollToFooter();\n_mainPage.default.clickLinkedinLink();",
              "err": {},
              "uuid": "56f79168-b41a-4252-a560-29cc3c74dd93",
              "parentUUID": "e6fb2b11-c226-4967-8cde-d97d0d6ef253",
              "isHook": false,
              "skipped": false
            },
            {
              "title": "TS_0001_2 To check clickability, link to Facebook",
              "fullTitle": "Testing Telnyx site TS_0001_2 To check clickability, link to Facebook",
              "timedOut": null,
              "duration": 2738,
              "state": "passed",
              "speed": "fast",
              "pass": true,
              "fail": false,
              "pending": false,
              "context": null,
              "code": "_mainPage.default.scrollToFooter();\n_mainPage.default.clickFacebookLink();\ncy.url().should('include', 'Telnyx');",
              "err": {},
              "uuid": "55ddc552-33b6-4560-b48d-1b4cac8348e9",
              "parentUUID": "e6fb2b11-c226-4967-8cde-d97d0d6ef253",
              "isHook": false,
              "skipped": false
            },
            {
              "title": "TS_0001_3 To check clickability, link to Twitter",
              "fullTitle": "Testing Telnyx site TS_0001_3 To check clickability, link to Twitter",
              "timedOut": null,
              "duration": 4715,
              "state": "passed",
              "speed": "fast",
              "pass": true,
              "fail": false,
              "pending": false,
              "context": null,
              "code": "_mainPage.default.scrollToFooter();\n_mainPage.default.clickTwitterLink();\ncy.url().should('include', 'telnyx');",
              "err": {},
              "uuid": "215a9e98-1748-4a9d-8ebd-47abd4347df4",
              "parentUUID": "e6fb2b11-c226-4967-8cde-d97d0d6ef253",
              "isHook": false,
              "skipped": false
            },
            {
              "title": "TS_0002 To test search results page with valid data",
              "fullTitle": "Testing Telnyx site TS_0002 To test search results page with valid data",
              "timedOut": null,
              "duration": 496,
              "state": "failed",
              "speed": null,
              "pass": false,
              "fail": true,
              "pending": false,
              "context": null,
              "code": "_searchPage.default.clickSupportCenter();\n_searchPage.default.inputValidData();\n_searchPage.default.elements.searchResult().then($div => {\n  expect($div).to.contain('telephone');\n});",
              "err": {
                "message": "CypressError: `cy.click()` failed because it requires a DOM element.\n\nThe subject received was:\n\n  > `undefined`\n\nThe previous command that ran was:\n\n  > `cy.contains()`",
                "estack": "CypressError: `cy.click()` failed because it requires a DOM element.\n\nThe subject received was:\n\n  > `undefined`\n\nThe previous command that ran was:\n\n  > `cy.contains()`\n    at isElement (https://telnyx.com/__cypress/runner/cypress_runner.js:157084:66)\n    at validateType (https://telnyx.com/__cypress/runner/cypress_runner.js:156913:14)\n    at Object.isType (https://telnyx.com/__cypress/runner/cypress_runner.js:156948:7)\n    at $Cy.pushSubject (https://telnyx.com/__cypress/runner/cypress_runner.js:156639:22)\n    at wrapped (https://telnyx.com/__cypress/runner/cypress_runner.js:156188:19)\nFrom Your Spec Code:\n    at Context.eval (webpack:///./cypress/e2e/telnyx.cy.js:22:40)",
                "diff": null
              },
              "uuid": "405b2c61-cf48-41ea-9d15-a0e6ec0caf17",
              "parentUUID": "e6fb2b11-c226-4967-8cde-d97d0d6ef253",
              "isHook": false,
              "skipped": false
            },
            {
              "title": "TS_0003 To test search results page with invalid data",
              "fullTitle": "Testing Telnyx site TS_0003 To test search results page with invalid data",
              "timedOut": null,
              "duration": 6469,
              "state": "passed",
              "speed": "medium",
              "pass": true,
              "fail": false,
              "pending": false,
              "context": null,
              "code": "_searchPage.default.clickSupportCenter();\n_searchPage.default.inputInvalidData(randomText);\n_searchPage.default.elements.searchNoResult().then($div => {\n  expect($div).to.have.text('We couldn\\'t find any articles for:');\n});",
              "err": {},
              "uuid": "b1212519-6eba-425d-8fc9-ec6cb37e8b41",
              "parentUUID": "e6fb2b11-c226-4967-8cde-d97d0d6ef253",
              "isHook": false,
              "skipped": false
            },
            {
              "title": "TS_0004 To test contact me form with positive scenario",
              "fullTitle": "Testing Telnyx site TS_0004 To test contact me form with positive scenario",
              "timedOut": null,
              "duration": 10645,
              "state": "passed",
              "speed": "slow",
              "pass": true,
              "fail": false,
              "pending": false,
              "context": null,
              "code": "_contactMePage.default.clickTalkToExpert();\n_contactMePage.default.selectReasonMenu();\n_contactMePage.default.fillingForm(this.data.Username, email, this.data.PhoneNumber);\n_contactMePage.default.selectPhoneNumber();\n_contactMePage.default.selectPrimaryInterest();\n_contactMePage.default.clickSubmitButton();\n_contactMePage.default.elements.title().should('be.visible').and('have.text', 'Thanks for Reaching Out!');",
              "err": {},
              "uuid": "019a9d74-acb2-45e6-9915-b748f189f14c",
              "parentUUID": "e6fb2b11-c226-4967-8cde-d97d0d6ef253",
              "isHook": false,
              "skipped": false
            },
            {
              "title": "TS_0005 To test contact me form with empty fields",
              "fullTitle": "Testing Telnyx site TS_0005 To test contact me form with empty fields",
              "timedOut": null,
              "duration": 5833,
              "state": "passed",
              "speed": "medium",
              "pass": true,
              "fail": false,
              "pending": false,
              "context": null,
              "code": "_contactMePage.default.clickTalkToExpert();\n_contactMePage.default.clickSubmitButton();\n_contactMePage.default.elements.alertMessage().should('be.visible').and('have.text', 'This field is required.');",
              "err": {},
              "uuid": "0b64e4d3-6929-48d0-b832-9a874a938ec8",
              "parentUUID": "e6fb2b11-c226-4967-8cde-d97d0d6ef253",
              "isHook": false,
              "skipped": false
            },
            {
              "title": "TS_0006 To test contact me form with invalid data",
              "fullTitle": "Testing Telnyx site TS_0006 To test contact me form with invalid data",
              "timedOut": null,
              "duration": 7753,
              "state": "passed",
              "speed": "medium",
              "pass": true,
              "fail": false,
              "pending": false,
              "context": null,
              "code": "_contactMePage.default.clickTalkToExpert();\n_contactMePage.default.selectReasonMenu();\n_contactMePage.default.fillingForm(randomText, randomText, randomText);\n_contactMePage.default.selectPhoneNumber();\n_contactMePage.default.selectPrimaryInterest();\n_contactMePage.default.clickSubmitButton();\n_contactMePage.default.elements.alertMessage().should('be.visible').and('have.text', 'Must be valid email. example@yourdomain.com');",
              "err": {},
              "uuid": "6c9885f4-251c-454e-b492-fcc028e67eb6",
              "parentUUID": "e6fb2b11-c226-4967-8cde-d97d0d6ef253",
              "isHook": false,
              "skipped": false
            },
            {
              "title": "TS_0007 To check the password recovery function",
              "fullTitle": "Testing Telnyx site TS_0007 To check the password recovery function",
              "timedOut": null,
              "duration": 12656,
              "state": "passed",
              "speed": "slow",
              "pass": true,
              "fail": false,
              "pending": false,
              "context": null,
              "code": "_loginPage.default.clickLoginLink();\n_loginPage.default.clickForgotPasswordLink();\n_loginPage.default.inputEmail(email);\n_loginPage.default.clickResetButton();",
              "err": {},
              "uuid": "50ce362e-abd4-4ee4-9b0d-a6bfc4d79a50",
              "parentUUID": "e6fb2b11-c226-4967-8cde-d97d0d6ef253",
              "isHook": false,
              "skipped": false
            },
            {
              "title": "TS_0008 To test the positive login scenario",
              "fullTitle": "Testing Telnyx site TS_0008 To test the positive login scenario",
              "timedOut": null,
              "duration": 11880,
              "state": "passed",
              "speed": "slow",
              "pass": true,
              "fail": false,
              "pending": false,
              "context": null,
              "code": "_easyRegisterPage.default.inputEmail(email);\n_easyRegisterPage.default.clickTryForFree();\n_easyRegisterPage.default.fillForm(this.data.Username, password);\n_easyRegisterPage.default.clickCreateButton(); // cy.get('#__next > div> main > div > h1')\n//   .should('be.visible').and('have.text','We\\'ve sent you an email to activate your account')\n//   .wait(5000)\n// can't do above action, through Capcha",
              "err": {},
              "uuid": "3e73d90e-9ebc-4118-a83d-6b5889e3da36",
              "parentUUID": "e6fb2b11-c226-4967-8cde-d97d0d6ef253",
              "isHook": false,
              "skipped": false
            },
            {
              "title": "TS_0009_1 To check products menu",
              "fullTitle": "Testing Telnyx site TS_0009_1 To check products menu",
              "timedOut": null,
              "duration": 2798,
              "state": "passed",
              "speed": "fast",
              "pass": true,
              "fail": false,
              "pending": false,
              "context": null,
              "code": "_menuPage.default.hoverProducts();\n_menuPage.default.visibleProductsList();\n_menuPage.default.clickElastic();",
              "err": {},
              "uuid": "4a771662-e171-4deb-91d8-d34e558c76b1",
              "parentUUID": "e6fb2b11-c226-4967-8cde-d97d0d6ef253",
              "isHook": false,
              "skipped": false
            },
            {
              "title": "TS_0009_2 To check products menu",
              "fullTitle": "Testing Telnyx site TS_0009_2 To check products menu",
              "timedOut": null,
              "duration": 3434,
              "state": "passed",
              "speed": "fast",
              "pass": true,
              "fail": false,
              "pending": false,
              "context": null,
              "code": "_menuPage.default.hoverProducts();\n_menuPage.default.visibleProductsList();\n_menuPage.default.clickVoiceApi();",
              "err": {},
              "uuid": "ab739180-bf33-424d-a7e9-79083ad8e222",
              "parentUUID": "e6fb2b11-c226-4967-8cde-d97d0d6ef253",
              "isHook": false,
              "skipped": false
            },
            {
              "title": "TS_0009_3 To check products menu",
              "fullTitle": "Testing Telnyx site TS_0009_3 To check products menu",
              "timedOut": null,
              "duration": 2669,
              "state": "passed",
              "speed": "fast",
              "pass": true,
              "fail": false,
              "pending": false,
              "context": null,
              "code": "_menuPage.default.hoverProducts();\n_menuPage.default.visibleProductsList();\n_menuPage.default.clickGlobalNumbers();",
              "err": {},
              "uuid": "e57af5f2-90ce-4e07-9900-ee87cef72626",
              "parentUUID": "e6fb2b11-c226-4967-8cde-d97d0d6ef253",
              "isHook": false,
              "skipped": false
            },
            {
              "title": "TS_0010 To check the link to the call",
              "fullTitle": "Testing Telnyx site TS_0010 To check the link to the call",
              "timedOut": null,
              "duration": 2165,
              "state": "passed",
              "speed": "fast",
              "pass": true,
              "fail": false,
              "pending": false,
              "context": null,
              "code": "_mainPage.default.clickCallUsLink();\n_mainPage.default.elements.callDialog().should('be.visible').and('have.text', 'Talk to an Expert');",
              "err": {},
              "uuid": "0db08cb8-aa99-47c2-837c-55fe343ff5d9",
              "parentUUID": "e6fb2b11-c226-4967-8cde-d97d0d6ef253",
              "isHook": false,
              "skipped": false
            }
          ],
          "suites": [],
          "passes": [
            "56f79168-b41a-4252-a560-29cc3c74dd93",
            "55ddc552-33b6-4560-b48d-1b4cac8348e9",
            "215a9e98-1748-4a9d-8ebd-47abd4347df4",
            "b1212519-6eba-425d-8fc9-ec6cb37e8b41",
            "019a9d74-acb2-45e6-9915-b748f189f14c",
            "0b64e4d3-6929-48d0-b832-9a874a938ec8",
            "6c9885f4-251c-454e-b492-fcc028e67eb6",
            "50ce362e-abd4-4ee4-9b0d-a6bfc4d79a50",
            "3e73d90e-9ebc-4118-a83d-6b5889e3da36",
            "4a771662-e171-4deb-91d8-d34e558c76b1",
            "ab739180-bf33-424d-a7e9-79083ad8e222",
            "e57af5f2-90ce-4e07-9900-ee87cef72626",
            "0db08cb8-aa99-47c2-837c-55fe343ff5d9"
          ],
          "failures": [
            "405b2c61-cf48-41ea-9d15-a0e6ec0caf17"
          ],
          "pending": [],
          "skipped": [],
          "duration": 76355,
          "root": false,
          "rootEmpty": false,
          "_timeout": 2000
        }
      ],
      "passes": [],
      "failures": [],
      "pending": [],
      "skipped": [],
      "duration": 0,
      "root": true,
      "rootEmpty": true,
      "_timeout": 2000
    }
  ],
  "meta": {
    "mocha": {
      "version": "7.0.1"
    },
    "mochawesome": {
      "options": {
        "quiet": false,
        "reportFilename": "mochawesome",
        "saveHtml": false,
        "saveJson": true,
        "consoleReporter": "spec",
        "useInlineDiffs": false,
        "code": true
      },
      "version": "7.1.3"
    },
    "marge": {
      "options": {
        "reportDir": "cypress/results",
        "overwrite": false,
        "html": false,
        "json": true
      },
      "version": "6.2.0"
    }
  }
}