{
  "stats": {
    "suites": 1,
    "tests": 14,
    "passes": 13,
    "pending": 0,
    "failures": 1,
    "start": "2022-12-29T13:26:00.711Z",
    "end": "2022-12-29T13:27:27.660Z",
    "duration": 86949,
    "testsRegistered": 14,
    "passPercent": 92.85714285714286,
    "pendingPercent": 0,
    "other": 0,
    "hasOther": false,
    "skipped": 0,
    "hasSkipped": false
  },
  "results": [
    {
      "uuid": "749c2e78-7162-49b5-bac0-192df9f9af87",
      "title": "",
      "fullFile": "cypress\\e2e\\telnyx.cy.js",
      "file": "cypress\\e2e\\telnyx.cy.js",
      "beforeHooks": [],
      "afterHooks": [],
      "tests": [],
      "suites": [
        {
          "uuid": "84cbf04b-5d0a-451b-b61e-99baaec6d691",
          "title": "Testing Telnyx site",
          "fullFile": "",
          "file": "",
          "beforeHooks": [],
          "afterHooks": [],
          "tests": [
            {
              "title": "TS_0001_1 To check clickability, link to Linkedin",
              "fullTitle": "Testing Telnyx site TS_0001_1 To check clickability, link to Linkedin",
              "timedOut": null,
              "duration": 2039,
              "state": "passed",
              "speed": "fast",
              "pass": true,
              "fail": false,
              "pending": false,
              "context": null,
              "code": "_mainPage.default.scrollToFooter();\n_mainPage.default.clickLinkedinLink();",
              "err": {},
              "uuid": "9667ad57-20ae-43fe-9ab4-b84115da1e4d",
              "parentUUID": "84cbf04b-5d0a-451b-b61e-99baaec6d691",
              "isHook": false,
              "skipped": false
            },
            {
              "title": "TS_0001_2 To check clickability, link to Facebook",
              "fullTitle": "Testing Telnyx site TS_0001_2 To check clickability, link to Facebook",
              "timedOut": null,
              "duration": 3519,
              "state": "passed",
              "speed": "fast",
              "pass": true,
              "fail": false,
              "pending": false,
              "context": null,
              "code": "_mainPage.default.scrollToFooter();\n_mainPage.default.clickFacebookLink();\ncy.url().should('include', 'Telnyx');",
              "err": {},
              "uuid": "3be4742e-09a0-4405-957b-29190ba36f8f",
              "parentUUID": "84cbf04b-5d0a-451b-b61e-99baaec6d691",
              "isHook": false,
              "skipped": false
            },
            {
              "title": "TS_0001_3 To check clickability, link to Twitter",
              "fullTitle": "Testing Telnyx site TS_0001_3 To check clickability, link to Twitter",
              "timedOut": null,
              "duration": 4551,
              "state": "passed",
              "speed": "fast",
              "pass": true,
              "fail": false,
              "pending": false,
              "context": null,
              "code": "_mainPage.default.scrollToFooter();\n_mainPage.default.clickTwitterLink();\ncy.url().should('include', 'telnyx');",
              "err": {},
              "uuid": "6dbc31ab-7720-4447-94f2-2a86e9dc50bb",
              "parentUUID": "84cbf04b-5d0a-451b-b61e-99baaec6d691",
              "isHook": false,
              "skipped": false
            },
            {
              "title": "TS_0002 To test search results page with valid data",
              "fullTitle": "Testing Telnyx site TS_0002 To test search results page with valid data",
              "timedOut": null,
              "duration": 1066,
              "state": "failed",
              "speed": null,
              "pass": false,
              "fail": true,
              "pending": false,
              "context": null,
              "code": "cy.wait(500);\n_searchPage.default.clickSupportCenter();\n_searchPage.default.inputValidData();\n_searchPage.default.elements.searchResult().then($div => {\n  expect($div).to.contain('telephone');\n});",
              "err": {
                "message": "CypressError: `cy.click()` failed because it requires a DOM element.\n\nThe subject received was:\n\n  > `undefined`\n\nThe previous command that ran was:\n\n  > `cy.contains()`",
                "estack": "CypressError: `cy.click()` failed because it requires a DOM element.\n\nThe subject received was:\n\n  > `undefined`\n\nThe previous command that ran was:\n\n  > `cy.contains()`\n    at isElement (https://telnyx.com/__cypress/runner/cypress_runner.js:157084:66)\n    at validateType (https://telnyx.com/__cypress/runner/cypress_runner.js:156913:14)\n    at Object.isType (https://telnyx.com/__cypress/runner/cypress_runner.js:156948:7)\n    at $Cy.pushSubject (https://telnyx.com/__cypress/runner/cypress_runner.js:156639:22)\n    at wrapped (https://telnyx.com/__cypress/runner/cypress_runner.js:156188:19)\nFrom Your Spec Code:\n    at Context.eval (webpack:///./cypress/e2e/telnyx.cy.js:22:40)",
                "diff": null
              },
              "uuid": "49f41c3d-19ac-4b0f-973a-91481332398d",
              "parentUUID": "84cbf04b-5d0a-451b-b61e-99baaec6d691",
              "isHook": false,
              "skipped": false
            },
            {
              "title": "TS_0003 To test search results page with invalid data",
              "fullTitle": "Testing Telnyx site TS_0003 To test search results page with invalid data",
              "timedOut": null,
              "duration": 5960,
              "state": "passed",
              "speed": "medium",
              "pass": true,
              "fail": false,
              "pending": false,
              "context": null,
              "code": "_searchPage.default.clickSupportCenter();\n_searchPage.default.inputInvalidData(randomText);\n_searchPage.default.elements.searchNoResult().then($div => {\n  expect($div).to.have.text('We couldn\\'t find any articles for:');\n});",
              "err": {},
              "uuid": "3ac59787-10b7-444b-969a-897b05480b91",
              "parentUUID": "84cbf04b-5d0a-451b-b61e-99baaec6d691",
              "isHook": false,
              "skipped": false
            },
            {
              "title": "TS_0004 To test contact me form with positive scenario",
              "fullTitle": "Testing Telnyx site TS_0004 To test contact me form with positive scenario",
              "timedOut": null,
              "duration": 12823,
              "state": "passed",
              "speed": "slow",
              "pass": true,
              "fail": false,
              "pending": false,
              "context": null,
              "code": "_contactMePage.default.clickTalkToExpert();\n_contactMePage.default.selectReasonMenu();\n_contactMePage.default.fillingForm(this.data.Username, email, this.data.PhoneNumber);\n_contactMePage.default.selectPhoneNumber();\n_contactMePage.default.selectPrimaryInterest();\n_contactMePage.default.clickSubmitButton();\n_contactMePage.default.elements.title().should('be.visible').and('have.text', 'Thanks for Reaching Out!');",
              "err": {},
              "uuid": "8a33b1ef-1704-46fa-89c2-2b21c42b70cd",
              "parentUUID": "84cbf04b-5d0a-451b-b61e-99baaec6d691",
              "isHook": false,
              "skipped": false
            },
            {
              "title": "TS_0005 To test contact me form with empty fields",
              "fullTitle": "Testing Telnyx site TS_0005 To test contact me form with empty fields",
              "timedOut": null,
              "duration": 5561,
              "state": "passed",
              "speed": "medium",
              "pass": true,
              "fail": false,
              "pending": false,
              "context": null,
              "code": "_contactMePage.default.clickTalkToExpert();\n_contactMePage.default.clickSubmitButton();\n_contactMePage.default.elements.alertMessage().should('be.visible').and('have.text', 'This field is required.');",
              "err": {},
              "uuid": "d24c0768-afdf-491c-9259-4ca8f2877bc3",
              "parentUUID": "84cbf04b-5d0a-451b-b61e-99baaec6d691",
              "isHook": false,
              "skipped": false
            },
            {
              "title": "TS_0006 To test contact me form with invalid data",
              "fullTitle": "Testing Telnyx site TS_0006 To test contact me form with invalid data",
              "timedOut": null,
              "duration": 7954,
              "state": "passed",
              "speed": "medium",
              "pass": true,
              "fail": false,
              "pending": false,
              "context": null,
              "code": "_contactMePage.default.clickTalkToExpert();\n_contactMePage.default.selectReasonMenu();\n_contactMePage.default.fillingForm(randomText, randomText, randomText);\n_contactMePage.default.selectPhoneNumber();\n_contactMePage.default.selectPrimaryInterest();\n_contactMePage.default.clickSubmitButton();\n_contactMePage.default.elements.alertMessage().should('be.visible').and('have.text', 'Must be valid email. example@yourdomain.com');",
              "err": {},
              "uuid": "2a7eb7c2-15a5-4814-bced-4403746bc94b",
              "parentUUID": "84cbf04b-5d0a-451b-b61e-99baaec6d691",
              "isHook": false,
              "skipped": false
            },
            {
              "title": "TS_0007 To check the password recovery function",
              "fullTitle": "Testing Telnyx site TS_0007 To check the password recovery function",
              "timedOut": null,
              "duration": 18052,
              "state": "passed",
              "speed": "slow",
              "pass": true,
              "fail": false,
              "pending": false,
              "context": null,
              "code": "_loginPage.default.clickLoginLink();\n_loginPage.default.clickForgotPasswordLink();\n_loginPage.default.inputEmail(email);\n_loginPage.default.clickResetButton();",
              "err": {},
              "uuid": "1f400485-e88e-4d04-998d-fa789e21373d",
              "parentUUID": "84cbf04b-5d0a-451b-b61e-99baaec6d691",
              "isHook": false,
              "skipped": false
            },
            {
              "title": "TS_0008 To test the positive login scenario",
              "fullTitle": "Testing Telnyx site TS_0008 To test the positive login scenario",
              "timedOut": null,
              "duration": 7042,
              "state": "passed",
              "speed": "medium",
              "pass": true,
              "fail": false,
              "pending": false,
              "context": null,
              "code": "_easyRegisterPage.default.inputEmail(email);\n_easyRegisterPage.default.clickTryForFree();\n_easyRegisterPage.default.fillForm(this.data.Username, password);\n_easyRegisterPage.default.clickCreateButton(); // cy.get('#__next > div> main > div > h1')\n//   .should('be.visible').and('have.text','We\\'ve sent you an email to activate your account')\n//   .wait(5000)\n// can't do above action, through Capcha",
              "err": {},
              "uuid": "9073ad12-b64f-4cbe-84c4-c038268c45e2",
              "parentUUID": "84cbf04b-5d0a-451b-b61e-99baaec6d691",
              "isHook": false,
              "skipped": false
            },
            {
              "title": "TS_0009_1 To check products menu",
              "fullTitle": "Testing Telnyx site TS_0009_1 To check products menu",
              "timedOut": null,
              "duration": 2932,
              "state": "passed",
              "speed": "fast",
              "pass": true,
              "fail": false,
              "pending": false,
              "context": null,
              "code": "_menuPage.default.hoverProducts();\n_menuPage.default.visibleProductsList();\n_menuPage.default.clickElastic();",
              "err": {},
              "uuid": "ef2a1982-f757-46bf-b940-140d54a4ca9a",
              "parentUUID": "84cbf04b-5d0a-451b-b61e-99baaec6d691",
              "isHook": false,
              "skipped": false
            },
            {
              "title": "TS_0009_2 To check products menu",
              "fullTitle": "Testing Telnyx site TS_0009_2 To check products menu",
              "timedOut": null,
              "duration": 2574,
              "state": "passed",
              "speed": "fast",
              "pass": true,
              "fail": false,
              "pending": false,
              "context": null,
              "code": "_menuPage.default.hoverProducts();\n_menuPage.default.visibleProductsList();\n_menuPage.default.clickVoiceApi();",
              "err": {},
              "uuid": "3c0ea93d-e85d-4684-8c83-f6d6cdf60bc3",
              "parentUUID": "84cbf04b-5d0a-451b-b61e-99baaec6d691",
              "isHook": false,
              "skipped": false
            },
            {
              "title": "TS_0009_3 To check products menu",
              "fullTitle": "Testing Telnyx site TS_0009_3 To check products menu",
              "timedOut": null,
              "duration": 3061,
              "state": "passed",
              "speed": "fast",
              "pass": true,
              "fail": false,
              "pending": false,
              "context": null,
              "code": "_menuPage.default.hoverProducts();\n_menuPage.default.visibleProductsList();\n_menuPage.default.clickGlobalNumbers();",
              "err": {},
              "uuid": "ce97c02f-1455-4864-bda9-6c2b1f60f9c3",
              "parentUUID": "84cbf04b-5d0a-451b-b61e-99baaec6d691",
              "isHook": false,
              "skipped": false
            },
            {
              "title": "TS_0010 To check the link to the call",
              "fullTitle": "Testing Telnyx site TS_0010 To check the link to the call",
              "timedOut": null,
              "duration": 3145,
              "state": "passed",
              "speed": "fast",
              "pass": true,
              "fail": false,
              "pending": false,
              "context": null,
              "code": "_mainPage.default.clickCallUsLink();\n_mainPage.default.elements.callDialog().should('be.visible').and('have.text', 'Talk to an Expert');",
              "err": {},
              "uuid": "6fcdc50d-dd2d-44b3-9e9e-4762f831ee2e",
              "parentUUID": "84cbf04b-5d0a-451b-b61e-99baaec6d691",
              "isHook": false,
              "skipped": false
            }
          ],
          "suites": [],
          "passes": [
            "9667ad57-20ae-43fe-9ab4-b84115da1e4d",
            "3be4742e-09a0-4405-957b-29190ba36f8f",
            "6dbc31ab-7720-4447-94f2-2a86e9dc50bb",
            "3ac59787-10b7-444b-969a-897b05480b91",
            "8a33b1ef-1704-46fa-89c2-2b21c42b70cd",
            "d24c0768-afdf-491c-9259-4ca8f2877bc3",
            "2a7eb7c2-15a5-4814-bced-4403746bc94b",
            "1f400485-e88e-4d04-998d-fa789e21373d",
            "9073ad12-b64f-4cbe-84c4-c038268c45e2",
            "ef2a1982-f757-46bf-b940-140d54a4ca9a",
            "3c0ea93d-e85d-4684-8c83-f6d6cdf60bc3",
            "ce97c02f-1455-4864-bda9-6c2b1f60f9c3",
            "6fcdc50d-dd2d-44b3-9e9e-4762f831ee2e"
          ],
          "failures": [
            "49f41c3d-19ac-4b0f-973a-91481332398d"
          ],
          "pending": [],
          "skipped": [],
          "duration": 80279,
          "root": false,
          "rootEmpty": false,
          "_timeout": 2000
        }
      ],
      "passes": [],
      "failures": [],
      "pending": [],
      "skipped": [],
      "duration": 0,
      "root": true,
      "rootEmpty": true,
      "_timeout": 2000
    }
  ],
  "meta": {
    "mocha": {
      "version": "7.0.1"
    },
    "mochawesome": {
      "options": {
        "quiet": false,
        "reportFilename": "mochawesome",
        "saveHtml": false,
        "saveJson": true,
        "consoleReporter": "spec",
        "useInlineDiffs": false,
        "code": true
      },
      "version": "7.1.3"
    },
    "marge": {
      "options": {
        "reportDir": "cypress/results",
        "overwrite": false,
        "html": false,
        "json": true
      },
      "version": "6.2.0"
    }
  }
}