{
  "stats": {
    "suites": 1,
    "tests": 14,
    "passes": 14,
    "pending": 0,
    "failures": 0,
    "start": "2022-12-29T13:30:03.880Z",
    "end": "2022-12-29T13:31:26.470Z",
    "duration": 82590,
    "testsRegistered": 14,
    "passPercent": 100,
    "pendingPercent": 0,
    "other": 0,
    "hasOther": false,
    "skipped": 0,
    "hasSkipped": false
  },
  "results": [
    {
      "uuid": "cbf9079b-d93c-4740-bfad-426655eb6611",
      "title": "",
      "fullFile": "cypress\\e2e\\telnyx.cy.js",
      "file": "cypress\\e2e\\telnyx.cy.js",
      "beforeHooks": [],
      "afterHooks": [],
      "tests": [],
      "suites": [
        {
          "uuid": "3dffeee3-cd6d-4467-85aa-b64efe842cb5",
          "title": "Testing Telnyx site",
          "fullFile": "",
          "file": "",
          "beforeHooks": [],
          "afterHooks": [],
          "tests": [
            {
              "title": "TS_0001_1 To check clickability, link to Linkedin",
              "fullTitle": "Testing Telnyx site TS_0001_1 To check clickability, link to Linkedin",
              "timedOut": null,
              "duration": 2171,
              "state": "passed",
              "speed": "fast",
              "pass": true,
              "fail": false,
              "pending": false,
              "context": null,
              "code": "_mainPage.default.scrollToFooter();\n_mainPage.default.clickLinkedinLink();",
              "err": {},
              "uuid": "b23d46af-a7ce-48e4-96b8-9a04a597c466",
              "parentUUID": "3dffeee3-cd6d-4467-85aa-b64efe842cb5",
              "isHook": false,
              "skipped": false
            },
            {
              "title": "TS_0001_2 To check clickability, link to Facebook",
              "fullTitle": "Testing Telnyx site TS_0001_2 To check clickability, link to Facebook",
              "timedOut": null,
              "duration": 2761,
              "state": "passed",
              "speed": "fast",
              "pass": true,
              "fail": false,
              "pending": false,
              "context": null,
              "code": "_mainPage.default.scrollToFooter();\n_mainPage.default.clickFacebookLink();\ncy.url().should('include', 'Telnyx');",
              "err": {},
              "uuid": "48bbdc65-adc9-40d1-a7bf-7f444a373039",
              "parentUUID": "3dffeee3-cd6d-4467-85aa-b64efe842cb5",
              "isHook": false,
              "skipped": false
            },
            {
              "title": "TS_0001_3 To check clickability, link to Twitter",
              "fullTitle": "Testing Telnyx site TS_0001_3 To check clickability, link to Twitter",
              "timedOut": null,
              "duration": 4726,
              "state": "passed",
              "speed": "fast",
              "pass": true,
              "fail": false,
              "pending": false,
              "context": null,
              "code": "_mainPage.default.scrollToFooter();\n_mainPage.default.clickTwitterLink();\ncy.url().should('include', 'telnyx');",
              "err": {},
              "uuid": "7343f2ed-2816-49ec-b2c2-1c40a805221e",
              "parentUUID": "3dffeee3-cd6d-4467-85aa-b64efe842cb5",
              "isHook": false,
              "skipped": false
            },
            {
              "title": "TS_0002 To test search results page with valid data",
              "fullTitle": "Testing Telnyx site TS_0002 To test search results page with valid data",
              "timedOut": null,
              "duration": 6352,
              "state": "passed",
              "speed": "medium",
              "pass": true,
              "fail": false,
              "pending": false,
              "context": null,
              "code": "_searchPage.default.clickSupportCenter();\n_searchPage.default.inputValidData();\n_searchPage.default.elements.searchResult().then($div => {\n  expect($div).to.contain('telephone');\n});",
              "err": {},
              "uuid": "7576e321-5e06-4f7b-b19e-ffcd4e05f521",
              "parentUUID": "3dffeee3-cd6d-4467-85aa-b64efe842cb5",
              "isHook": false,
              "skipped": false
            },
            {
              "title": "TS_0003 To test search results page with invalid data",
              "fullTitle": "Testing Telnyx site TS_0003 To test search results page with invalid data",
              "timedOut": null,
              "duration": 4758,
              "state": "passed",
              "speed": "fast",
              "pass": true,
              "fail": false,
              "pending": false,
              "context": null,
              "code": "_searchPage.default.clickSupportCenter();\n_searchPage.default.inputInvalidData(randomText);\n_searchPage.default.elements.searchNoResult().then($div => {\n  expect($div).to.have.text('We couldn\\'t find any articles for:');\n});",
              "err": {},
              "uuid": "d7b226f8-5447-47be-a4e9-0a79acbe767b",
              "parentUUID": "3dffeee3-cd6d-4467-85aa-b64efe842cb5",
              "isHook": false,
              "skipped": false
            },
            {
              "title": "TS_0004 To test contact me form with positive scenario",
              "fullTitle": "Testing Telnyx site TS_0004 To test contact me form with positive scenario",
              "timedOut": null,
              "duration": 13278,
              "state": "passed",
              "speed": "slow",
              "pass": true,
              "fail": false,
              "pending": false,
              "context": null,
              "code": "_contactMePage.default.clickTalkToExpert();\n_contactMePage.default.selectReasonMenu();\n_contactMePage.default.fillingForm(this.data.Username, email, this.data.PhoneNumber);\n_contactMePage.default.selectPhoneNumber();\n_contactMePage.default.selectPrimaryInterest();\n_contactMePage.default.clickSubmitButton();\n_contactMePage.default.elements.title().should('be.visible').and('have.text', 'Thanks for Reaching Out!');",
              "err": {},
              "uuid": "c373c6f3-c824-45c0-b94c-c67b4bcb6be7",
              "parentUUID": "3dffeee3-cd6d-4467-85aa-b64efe842cb5",
              "isHook": false,
              "skipped": false
            },
            {
              "title": "TS_0005 To test contact me form with empty fields",
              "fullTitle": "Testing Telnyx site TS_0005 To test contact me form with empty fields",
              "timedOut": null,
              "duration": 4908,
              "state": "passed",
              "speed": "fast",
              "pass": true,
              "fail": false,
              "pending": false,
              "context": null,
              "code": "_contactMePage.default.clickTalkToExpert();\n_contactMePage.default.clickSubmitButton();\n_contactMePage.default.elements.alertMessage().should('be.visible').and('have.text', 'This field is required.');",
              "err": {},
              "uuid": "2ffb8e60-d45d-4c57-b20d-f280b3910f5a",
              "parentUUID": "3dffeee3-cd6d-4467-85aa-b64efe842cb5",
              "isHook": false,
              "skipped": false
            },
            {
              "title": "TS_0006 To test contact me form with invalid data",
              "fullTitle": "Testing Telnyx site TS_0006 To test contact me form with invalid data",
              "timedOut": null,
              "duration": 7945,
              "state": "passed",
              "speed": "medium",
              "pass": true,
              "fail": false,
              "pending": false,
              "context": null,
              "code": "_contactMePage.default.clickTalkToExpert();\n_contactMePage.default.selectReasonMenu();\n_contactMePage.default.fillingForm(randomText, randomText, randomText);\n_contactMePage.default.selectPhoneNumber();\n_contactMePage.default.selectPrimaryInterest();\n_contactMePage.default.clickSubmitButton();\n_contactMePage.default.elements.alertMessage().should('be.visible').and('have.text', 'Must be valid email. example@yourdomain.com');",
              "err": {},
              "uuid": "b8a150a8-04ba-43fa-9614-1d6046066a69",
              "parentUUID": "3dffeee3-cd6d-4467-85aa-b64efe842cb5",
              "isHook": false,
              "skipped": false
            },
            {
              "title": "TS_0007 To check the password recovery function",
              "fullTitle": "Testing Telnyx site TS_0007 To check the password recovery function",
              "timedOut": null,
              "duration": 11777,
              "state": "passed",
              "speed": "slow",
              "pass": true,
              "fail": false,
              "pending": false,
              "context": null,
              "code": "_loginPage.default.clickLoginLink();\n_loginPage.default.clickForgotPasswordLink();\n_loginPage.default.inputEmail(email);\n_loginPage.default.clickResetButton();",
              "err": {},
              "uuid": "8cdd62a4-dfd9-469a-b9a0-6b72f8d18850",
              "parentUUID": "3dffeee3-cd6d-4467-85aa-b64efe842cb5",
              "isHook": false,
              "skipped": false
            },
            {
              "title": "TS_0008 To test the positive login scenario",
              "fullTitle": "Testing Telnyx site TS_0008 To test the positive login scenario",
              "timedOut": null,
              "duration": 5867,
              "state": "passed",
              "speed": "medium",
              "pass": true,
              "fail": false,
              "pending": false,
              "context": null,
              "code": "_easyRegisterPage.default.inputEmail(email);\n_easyRegisterPage.default.clickTryForFree();\n_easyRegisterPage.default.fillForm(this.data.Username, password);\n_easyRegisterPage.default.clickCreateButton(); // cy.get('#__next > div> main > div > h1')\n//   .should('be.visible').and('have.text','We\\'ve sent you an email to activate your account')\n//   .wait(5000)\n// can't do above action, through Capcha",
              "err": {},
              "uuid": "fdd8ccae-31f6-4b92-acf9-a37df4fea107",
              "parentUUID": "3dffeee3-cd6d-4467-85aa-b64efe842cb5",
              "isHook": false,
              "skipped": false
            },
            {
              "title": "TS_0009_1 To check products menu",
              "fullTitle": "Testing Telnyx site TS_0009_1 To check products menu",
              "timedOut": null,
              "duration": 3446,
              "state": "passed",
              "speed": "fast",
              "pass": true,
              "fail": false,
              "pending": false,
              "context": null,
              "code": "_menuPage.default.hoverProducts();\n_menuPage.default.visibleProductsList();\n_menuPage.default.clickElastic();",
              "err": {},
              "uuid": "c84907a9-2ea9-4d8c-ab48-da1f47e70e9c",
              "parentUUID": "3dffeee3-cd6d-4467-85aa-b64efe842cb5",
              "isHook": false,
              "skipped": false
            },
            {
              "title": "TS_0009_2 To check products menu",
              "fullTitle": "Testing Telnyx site TS_0009_2 To check products menu",
              "timedOut": null,
              "duration": 2681,
              "state": "passed",
              "speed": "fast",
              "pass": true,
              "fail": false,
              "pending": false,
              "context": null,
              "code": "_menuPage.default.hoverProducts();\n_menuPage.default.visibleProductsList();\n_menuPage.default.clickVoiceApi();",
              "err": {},
              "uuid": "be82c9ea-92d7-4641-8cb8-e6e8d00f376f",
              "parentUUID": "3dffeee3-cd6d-4467-85aa-b64efe842cb5",
              "isHook": false,
              "skipped": false
            },
            {
              "title": "TS_0009_3 To check products menu",
              "fullTitle": "Testing Telnyx site TS_0009_3 To check products menu",
              "timedOut": null,
              "duration": 2516,
              "state": "passed",
              "speed": "fast",
              "pass": true,
              "fail": false,
              "pending": false,
              "context": null,
              "code": "_menuPage.default.hoverProducts();\n_menuPage.default.visibleProductsList();\n_menuPage.default.clickGlobalNumbers();",
              "err": {},
              "uuid": "c19a9cab-fbcf-4f7c-83dc-9549a34b1aa6",
              "parentUUID": "3dffeee3-cd6d-4467-85aa-b64efe842cb5",
              "isHook": false,
              "skipped": false
            },
            {
              "title": "TS_0010 To check the link to the call",
              "fullTitle": "Testing Telnyx site TS_0010 To check the link to the call",
              "timedOut": null,
              "duration": 2226,
              "state": "passed",
              "speed": "fast",
              "pass": true,
              "fail": false,
              "pending": false,
              "context": null,
              "code": "_mainPage.default.clickCallUsLink();\n_mainPage.default.elements.callDialog().should('be.visible').and('have.text', 'Talk to an Expert');",
              "err": {},
              "uuid": "a838f554-aece-41fa-b115-2a8246ac9faa",
              "parentUUID": "3dffeee3-cd6d-4467-85aa-b64efe842cb5",
              "isHook": false,
              "skipped": false
            }
          ],
          "suites": [],
          "passes": [
            "b23d46af-a7ce-48e4-96b8-9a04a597c466",
            "48bbdc65-adc9-40d1-a7bf-7f444a373039",
            "7343f2ed-2816-49ec-b2c2-1c40a805221e",
            "7576e321-5e06-4f7b-b19e-ffcd4e05f521",
            "d7b226f8-5447-47be-a4e9-0a79acbe767b",
            "c373c6f3-c824-45c0-b94c-c67b4bcb6be7",
            "2ffb8e60-d45d-4c57-b20d-f280b3910f5a",
            "b8a150a8-04ba-43fa-9614-1d6046066a69",
            "8cdd62a4-dfd9-469a-b9a0-6b72f8d18850",
            "fdd8ccae-31f6-4b92-acf9-a37df4fea107",
            "c84907a9-2ea9-4d8c-ab48-da1f47e70e9c",
            "be82c9ea-92d7-4641-8cb8-e6e8d00f376f",
            "c19a9cab-fbcf-4f7c-83dc-9549a34b1aa6",
            "a838f554-aece-41fa-b115-2a8246ac9faa"
          ],
          "failures": [],
          "pending": [],
          "skipped": [],
          "duration": 75412,
          "root": false,
          "rootEmpty": false,
          "_timeout": 2000
        }
      ],
      "passes": [],
      "failures": [],
      "pending": [],
      "skipped": [],
      "duration": 0,
      "root": true,
      "rootEmpty": true,
      "_timeout": 2000
    }
  ],
  "meta": {
    "mocha": {
      "version": "7.0.1"
    },
    "mochawesome": {
      "options": {
        "quiet": false,
        "reportFilename": "mochawesome",
        "saveHtml": false,
        "saveJson": true,
        "consoleReporter": "spec",
        "useInlineDiffs": false,
        "code": true
      },
      "version": "7.1.3"
    },
    "marge": {
      "options": {
        "reportDir": "cypress/results",
        "overwrite": false,
        "html": false,
        "json": true
      },
      "version": "6.2.0"
    }
  }
}