{
  "stats": {
    "suites": 1,
    "tests": 14,
    "passes": 13,
    "pending": 0,
    "failures": 1,
    "start": "2022-12-26T13:00:52.840Z",
    "end": "2022-12-26T13:02:18.198Z",
    "duration": 85358,
    "testsRegistered": 14,
    "passPercent": 92.85714285714286,
    "pendingPercent": 0,
    "other": 0,
    "hasOther": false,
    "skipped": 0,
    "hasSkipped": false
  },
  "results": [
    {
      "uuid": "d33e0b9d-f216-473b-b2b1-6ec85790b0b3",
      "title": "",
      "fullFile": "cypress\\e2e\\telnyx.cy.js",
      "file": "cypress\\e2e\\telnyx.cy.js",
      "beforeHooks": [],
      "afterHooks": [],
      "tests": [],
      "suites": [
        {
          "uuid": "a88ed99e-bb14-4480-86c6-a69060fb5a40",
          "title": "Testing Telnyx site",
          "fullFile": "",
          "file": "",
          "beforeHooks": [],
          "afterHooks": [],
          "tests": [
            {
              "title": "TS_0001_1",
              "fullTitle": "Testing Telnyx site TS_0001_1",
              "timedOut": null,
              "duration": 2101,
              "state": "passed",
              "speed": "fast",
              "pass": true,
              "fail": false,
              "pending": false,
              "context": null,
              "code": "cy.get('body > div > div > footer').scrollIntoView();\ncy.contains('Connect on LinkedIn').invoke('attr', 'href').then(href => {\n  expect(href).to.be.equal('https://www.linkedin.com/company/telnyx/');\n});",
              "err": {},
              "uuid": "4f300170-1510-4d9c-b359-732b89c467f6",
              "parentUUID": "a88ed99e-bb14-4480-86c6-a69060fb5a40",
              "isHook": false,
              "skipped": false
            },
            {
              "title": "TS_0001_2",
              "fullTitle": "Testing Telnyx site TS_0001_2",
              "timedOut": null,
              "duration": 10626,
              "state": "passed",
              "speed": "slow",
              "pass": true,
              "fail": false,
              "pending": false,
              "context": null,
              "code": "cy.get('#__next > div > footer').scrollIntoView();\ncy.contains('Follow on Twitter').invoke('removeAttr', 'target').click().wait(6000);\ncy.url().should('include', 'telnyx');",
              "err": {},
              "uuid": "4fcd8666-d986-44c0-af3d-af9f69f597f6",
              "parentUUID": "a88ed99e-bb14-4480-86c6-a69060fb5a40",
              "isHook": false,
              "skipped": false
            },
            {
              "title": "TS_0001_3",
              "fullTitle": "Testing Telnyx site TS_0001_3",
              "timedOut": null,
              "duration": 550,
              "state": "failed",
              "speed": null,
              "pass": false,
              "fail": true,
              "pending": false,
              "context": null,
              "code": "// unable to perform on github actions\n// works locally in VSCode\ncy.get('#__next > div > footer ').scrollIntoView();\ncy.contains('Follow on Facebook').invoke('removeAttr', 'target').click({\n  force: true\n});\ncy.url().should('include', 'Telnyx');",
              "err": {
                "message": "CypressError: `cy.scrollIntoView()` failed because it requires a DOM element.\n\nNo elements in the current DOM matched your query:\n\n  > cy.get(#__next > div > footer )",
                "estack": "CypressError: `cy.scrollIntoView()` failed because it requires a DOM element.\n\nNo elements in the current DOM matched your query:\n\n  > cy.get(#__next > div > footer )\n    at isElement (https://telnyx.com/__cypress/runner/cypress_runner.js:157074:70)\n    at validateType (https://telnyx.com/__cypress/runner/cypress_runner.js:156913:14)\n    at Object.isType (https://telnyx.com/__cypress/runner/cypress_runner.js:156948:7)\n    at $Cy.pushSubject (https://telnyx.com/__cypress/runner/cypress_runner.js:156639:22)\n    at wrapped (https://telnyx.com/__cypress/runner/cypress_runner.js:156188:19)\nFrom Your Spec Code:\n    at Context.eval (webpack:///./cypress/e2e/telnyx.cy.js:41:42)",
                "diff": null
              },
              "uuid": "597e2b16-a5c4-4cbf-8cf2-fce431a63bf4",
              "parentUUID": "a88ed99e-bb14-4480-86c6-a69060fb5a40",
              "isHook": false,
              "skipped": false
            },
            {
              "title": "TS_0002",
              "fullTitle": "Testing Telnyx site TS_0002",
              "timedOut": null,
              "duration": 7562,
              "state": "passed",
              "speed": "medium",
              "pass": true,
              "fail": false,
              "pending": false,
              "context": null,
              "code": "cy.get('header a:nth-child(3)').click({\n  force: true\n});\ncy.get('input[type=\"text\"]').type('telephone{enter}');\ncy.get('.g__space.search-results__row').then($div => {\n  expect($div).to.contain('telephone');\n});",
              "err": {},
              "uuid": "fc62e88d-cde2-4faf-a7f3-e95762688dd5",
              "parentUUID": "a88ed99e-bb14-4480-86c6-a69060fb5a40",
              "isHook": false,
              "skipped": false
            },
            {
              "title": "TS_0003",
              "fullTitle": "Testing Telnyx site TS_0003",
              "timedOut": null,
              "duration": 5923,
              "state": "passed",
              "speed": "medium",
              "pass": true,
              "fail": false,
              "pending": false,
              "context": null,
              "code": "let text = (Math.random() + 1).toString(36).substring(5);\ncy.get('header a:nth-child(3)').click({\n  force: true\n});\ncy.get('input[type=\"text\"]').type(text).type('{enter}');\ncy.get(' div > span').then($div => {\n  expect($div).to.have.text('We couldn\\'t find any articles for:');\n});",
              "err": {},
              "uuid": "6415588d-25f6-4286-904f-0a7c67180a3e",
              "parentUUID": "a88ed99e-bb14-4480-86c6-a69060fb5a40",
              "isHook": false,
              "skipped": false
            },
            {
              "title": "TS_0004",
              "fullTitle": "Testing Telnyx site TS_0004",
              "timedOut": null,
              "duration": 10016,
              "state": "passed",
              "speed": "slow",
              "pass": true,
              "fail": false,
              "pending": false,
              "context": null,
              "code": "cy.contains('Talk to an expert').click({\n  force: true\n});\ncy.get('#Reason_for_Contact__c').select('Sales Inquiry');\ncy.get('#FirstName').type(userName).should('have.value', userName);\ncy.get('#LastName').type(userName).should('have.value', userName);\ncy.get('#Email').type(email).should('have.value', email);\ncy.get('#Phone_Number_Extension__c').select('+370');\ncy.get('#Phone_Number_Base__c').type(phoneNumber).should('have.value', phoneNumber);\ncy.get('#Website').type(userName).should('have.value', userName);\ncy.get('#Use_Case_Form__c').select('Conversational Messaging');\ncy.get('span > button').click();\ncy.get('#__next > div > main > div > h1').should('be.visible').and('have.text', 'Thanks for Reaching Out!');",
              "err": {},
              "uuid": "3656b316-aefa-499d-a323-5eeffba3a6b3",
              "parentUUID": "a88ed99e-bb14-4480-86c6-a69060fb5a40",
              "isHook": false,
              "skipped": false
            },
            {
              "title": "TS_0005",
              "fullTitle": "Testing Telnyx site TS_0005",
              "timedOut": null,
              "duration": 3712,
              "state": "passed",
              "speed": "fast",
              "pass": true,
              "fail": false,
              "pending": false,
              "context": null,
              "code": "cy.contains('Talk to an expert').click({\n  force: true\n});\ncy.get('span > button').click();\ncy.get('.mktoError').should('be.visible').and('have.text', 'This field is required.');",
              "err": {},
              "uuid": "d5c6daf3-abea-4a6d-bdaf-2fac1f8f5cb6",
              "parentUUID": "a88ed99e-bb14-4480-86c6-a69060fb5a40",
              "isHook": false,
              "skipped": false
            },
            {
              "title": "TS_0006",
              "fullTitle": "Testing Telnyx site TS_0006",
              "timedOut": null,
              "duration": 7734,
              "state": "passed",
              "speed": "medium",
              "pass": true,
              "fail": false,
              "pending": false,
              "context": null,
              "code": "cy.contains('Talk to an expert').click({\n  force: true\n});\ncy.get('#Reason_for_Contact__c').select('Sales Inquiry');\ncy.get('#FirstName').type(randomText).should('have.value', randomText);\ncy.get('#LastName').type(randomText).should('have.value', randomText);\ncy.get('#Email').type(randomText).should('have.value', randomText);\ncy.get('#Phone_Number_Extension__c').select('+370');\ncy.get('#Phone_Number_Base__c').type(randomText).should('have.value', randomText);\ncy.get('#Website').type(randomText).should('have.value', randomText);\ncy.get('#Use_Case_Form__c').select('Conversational Messaging');\ncy.get('span > button').click();\ncy.get('.mktoError').should('be.visible').and('have.text', 'Must be valid email. example@yourdomain.com');",
              "err": {},
              "uuid": "c343cf94-9759-421c-86ac-f4daa69d1d6d",
              "parentUUID": "a88ed99e-bb14-4480-86c6-a69060fb5a40",
              "isHook": false,
              "skipped": false
            },
            {
              "title": "TS_0007",
              "fullTitle": "Testing Telnyx site TS_0007",
              "timedOut": null,
              "duration": 13085,
              "state": "passed",
              "speed": "slow",
              "pass": true,
              "fail": false,
              "pending": false,
              "context": null,
              "code": "cy.contains('Log In').click();\ncy.contains('Forgot your password?').click();\ncy.get('input').type(email);\ncy.contains('Reset password').click();\ncy.get('.Message__MessageCopy-izQIRg').should('be.visible').and('have.text', 'We have accepted your password reset request. If you have a Telnyx account and are unable to reset your password successfully, please contact support for assistance.Log in');",
              "err": {},
              "uuid": "8af62015-23ff-464f-b58b-903da5e54775",
              "parentUUID": "a88ed99e-bb14-4480-86c6-a69060fb5a40",
              "isHook": false,
              "skipped": false
            },
            {
              "title": "TS_0008",
              "fullTitle": "Testing Telnyx site TS_0008",
              "timedOut": null,
              "duration": 6433,
              "state": "passed",
              "speed": "medium",
              "pass": true,
              "fail": false,
              "pending": false,
              "context": null,
              "code": "cy.get('input[type=\"email\"]').type(email);\ncy.contains('Try for free').click();\ncy.get('#full_name').type(userName);\ncy.get('#password').type(password);\ncy.get('#terms_and_conditions').check({\n  force: true\n});\ncy.contains('Create Account').click(); // cy.get('#__next > div> main > div > h1')\n//   .should('be.visible').and('have.text','We\\'ve sent you an email to activate your account')\n//   .wait(5000)\n// can't do above action, through Capcha",
              "err": {},
              "uuid": "a22306f4-d246-4936-9132-80735b786074",
              "parentUUID": "a88ed99e-bb14-4480-86c6-a69060fb5a40",
              "isHook": false,
              "skipped": false
            },
            {
              "title": "TS_0009_1",
              "fullTitle": "Testing Telnyx site TS_0009_1",
              "timedOut": null,
              "duration": 3058,
              "state": "passed",
              "speed": "fast",
              "pass": true,
              "fail": false,
              "pending": false,
              "context": null,
              "code": "cy.contains('Products').trigger('mouseover');\ncy.get('.sc-7b3980dc-8.iWLbyI').invoke('show');\ncy.contains('Elastic SIP Trunking').invoke('show').click({\n  force: true\n});\ncy.url().should('include', 'sip-trunks');\ncy.get('.sc-31a8cefb-6.eCGKsC > span').should('be.visible').and('have.text', 'Flexible SIP Trunks from a global provider');",
              "err": {},
              "uuid": "9a59a536-2ccc-466e-8c24-6dd7bc71ab5a",
              "parentUUID": "a88ed99e-bb14-4480-86c6-a69060fb5a40",
              "isHook": false,
              "skipped": false
            },
            {
              "title": "TS_0009_2",
              "fullTitle": "Testing Telnyx site TS_0009_2",
              "timedOut": null,
              "duration": 2877,
              "state": "passed",
              "speed": "fast",
              "pass": true,
              "fail": false,
              "pending": false,
              "context": null,
              "code": "cy.contains('Products').trigger('mouseover');\ncy.get('.sc-7b3980dc-8.iWLbyI').invoke('show');\ncy.contains('Voice API').invoke('show').click({\n  force: true\n});\ncy.url().should('include', 'voice-api');\ncy.get('h1 > span').should('be.visible').and('have.text', 'Voice API');",
              "err": {},
              "uuid": "17f9f972-16df-4083-a8af-4987e1f5cbf0",
              "parentUUID": "a88ed99e-bb14-4480-86c6-a69060fb5a40",
              "isHook": false,
              "skipped": false
            },
            {
              "title": "TS_0009_3",
              "fullTitle": "Testing Telnyx site TS_0009_3",
              "timedOut": null,
              "duration": 2968,
              "state": "passed",
              "speed": "fast",
              "pass": true,
              "fail": false,
              "pending": false,
              "context": null,
              "code": "cy.contains('Products').trigger('mouseover');\ncy.get('.sc-7b3980dc-8.iWLbyI').invoke('show');\ncy.contains('Global Numbers').invoke('show').click({\n  force: true\n});\ncy.url().should('include', 'phone-numbers');\ncy.get('h1 > span > strong').should('be.visible').and('have.text', 'Buy business numbers on demand.');",
              "err": {},
              "uuid": "2d689c77-43d4-485e-b91b-4311ad18d330",
              "parentUUID": "a88ed99e-bb14-4480-86c6-a69060fb5a40",
              "isHook": false,
              "skipped": false
            },
            {
              "title": "TS_0010",
              "fullTitle": "Testing Telnyx site TS_0010",
              "timedOut": null,
              "duration": 1897,
              "state": "passed",
              "speed": "fast",
              "pass": true,
              "fail": false,
              "pending": false,
              "context": null,
              "code": "cy.contains('Call Us').click({\n  force: true\n});\ncy.get('#telnyx-click2call-dialog > div > div > h4').should('be.visible').and('have.text', 'Talk to an Expert');",
              "err": {},
              "uuid": "347cda79-5607-406c-b1de-a172a5572ddc",
              "parentUUID": "a88ed99e-bb14-4480-86c6-a69060fb5a40",
              "isHook": false,
              "skipped": false
            }
          ],
          "suites": [],
          "passes": [
            "4f300170-1510-4d9c-b359-732b89c467f6",
            "4fcd8666-d986-44c0-af3d-af9f69f597f6",
            "fc62e88d-cde2-4faf-a7f3-e95762688dd5",
            "6415588d-25f6-4286-904f-0a7c67180a3e",
            "3656b316-aefa-499d-a323-5eeffba3a6b3",
            "d5c6daf3-abea-4a6d-bdaf-2fac1f8f5cb6",
            "c343cf94-9759-421c-86ac-f4daa69d1d6d",
            "8af62015-23ff-464f-b58b-903da5e54775",
            "a22306f4-d246-4936-9132-80735b786074",
            "9a59a536-2ccc-466e-8c24-6dd7bc71ab5a",
            "17f9f972-16df-4083-a8af-4987e1f5cbf0",
            "2d689c77-43d4-485e-b91b-4311ad18d330",
            "347cda79-5607-406c-b1de-a172a5572ddc"
          ],
          "failures": [
            "597e2b16-a5c4-4cbf-8cf2-fce431a63bf4"
          ],
          "pending": [],
          "skipped": [],
          "duration": 78542,
          "root": false,
          "rootEmpty": false,
          "_timeout": 2000
        }
      ],
      "passes": [],
      "failures": [],
      "pending": [],
      "skipped": [],
      "duration": 0,
      "root": true,
      "rootEmpty": true,
      "_timeout": 2000
    }
  ],
  "meta": {
    "mocha": {
      "version": "7.0.1"
    },
    "mochawesome": {
      "options": {
        "quiet": false,
        "reportFilename": "mochawesome",
        "saveHtml": false,
        "saveJson": true,
        "consoleReporter": "spec",
        "useInlineDiffs": false,
        "code": true
      },
      "version": "7.1.3"
    },
    "marge": {
      "options": {
        "reportDir": "cypress/results",
        "overwrite": false,
        "html": false,
        "json": true
      },
      "version": "6.2.0"
    }
  }
}