{
  "stats": {
    "suites": 1,
    "tests": 14,
    "passes": 13,
    "pending": 0,
    "failures": 1,
    "start": "2022-12-29T13:00:56.038Z",
    "end": "2022-12-29T13:02:23.559Z",
    "duration": 87521,
    "testsRegistered": 14,
    "passPercent": 92.85714285714286,
    "pendingPercent": 0,
    "other": 0,
    "hasOther": false,
    "skipped": 0,
    "hasSkipped": false
  },
  "results": [
    {
      "uuid": "bdb1a198-d476-467d-80b7-3b954c0a62e2",
      "title": "",
      "fullFile": "cypress\\e2e\\telnyx.cy.js",
      "file": "cypress\\e2e\\telnyx.cy.js",
      "beforeHooks": [],
      "afterHooks": [],
      "tests": [],
      "suites": [
        {
          "uuid": "b956b297-64cd-4e85-864c-5ace854ec814",
          "title": "Testing Telnyx site",
          "fullFile": "",
          "file": "",
          "beforeHooks": [],
          "afterHooks": [],
          "tests": [
            {
              "title": "TS_0001_1 To check clickability, link to Linkedin",
              "fullTitle": "Testing Telnyx site TS_0001_1 To check clickability, link to Linkedin",
              "timedOut": null,
              "duration": 1955,
              "state": "passed",
              "speed": "fast",
              "pass": true,
              "fail": false,
              "pending": false,
              "context": null,
              "code": "_mainPage.default.scrollToFooter();\n_mainPage.default.clickLinkedinLink();",
              "err": {},
              "uuid": "db2191a9-ab78-4626-91fa-7790a405ecb2",
              "parentUUID": "b956b297-64cd-4e85-864c-5ace854ec814",
              "isHook": false,
              "skipped": false
            },
            {
              "title": "TS_0001_2 To check clickability, link to Facebook",
              "fullTitle": "Testing Telnyx site TS_0001_2 To check clickability, link to Facebook",
              "timedOut": null,
              "duration": 3968,
              "state": "passed",
              "speed": "fast",
              "pass": true,
              "fail": false,
              "pending": false,
              "context": null,
              "code": "_mainPage.default.scrollToFooter();\n_mainPage.default.clickFacebookLink();\ncy.url().should('include', 'Telnyx');",
              "err": {},
              "uuid": "d0635bc3-2086-47fc-9f07-bf3291a2a0db",
              "parentUUID": "b956b297-64cd-4e85-864c-5ace854ec814",
              "isHook": false,
              "skipped": false
            },
            {
              "title": "TS_0001_3 To check clickability, link to Twitter",
              "fullTitle": "Testing Telnyx site TS_0001_3 To check clickability, link to Twitter",
              "timedOut": null,
              "duration": 6235,
              "state": "passed",
              "speed": "medium",
              "pass": true,
              "fail": false,
              "pending": false,
              "context": null,
              "code": "_mainPage.default.scrollToFooter();\n_mainPage.default.clickTwitterLink();\ncy.url().should('include', 'telnyx');",
              "err": {},
              "uuid": "9b91e47e-655c-41ea-b2b5-8edbf3e0202b",
              "parentUUID": "b956b297-64cd-4e85-864c-5ace854ec814",
              "isHook": false,
              "skipped": false
            },
            {
              "title": "TS_0003 To test search results page with invalid data",
              "fullTitle": "Testing Telnyx site TS_0003 To test search results page with invalid data",
              "timedOut": null,
              "duration": 553,
              "state": "failed",
              "speed": null,
              "pass": false,
              "fail": true,
              "pending": false,
              "context": null,
              "code": "_searchPage.default.clickSupportCenter();\n_searchPage.default.inputInvalidData(randomText);\n_searchPage.default.elements.searchNoResult().then($div => {\n  expect($div).to.have.text('We couldn\\'t find any articles for:');\n});",
              "err": {
                "message": "CypressError: `cy.click()` failed because it requires a DOM element.\n\nThe subject received was:\n\n  > `undefined`\n\nThe previous command that ran was:\n\n  > `cy.contains()`",
                "estack": "CypressError: `cy.click()` failed because it requires a DOM element.\n\nThe subject received was:\n\n  > `undefined`\n\nThe previous command that ran was:\n\n  > `cy.contains()`\n    at isElement (https://telnyx.com/__cypress/runner/cypress_runner.js:157084:66)\n    at validateType (https://telnyx.com/__cypress/runner/cypress_runner.js:156913:14)\n    at Object.isType (https://telnyx.com/__cypress/runner/cypress_runner.js:156948:7)\n    at $Cy.pushSubject (https://telnyx.com/__cypress/runner/cypress_runner.js:156639:22)\n    at wrapped (https://telnyx.com/__cypress/runner/cypress_runner.js:156188:19)\nFrom Your Spec Code:\n    at Context.eval (webpack:///./cypress/e2e/telnyx.cy.js:22:40)",
                "diff": null
              },
              "uuid": "59a53e27-39e4-434e-95da-f4d27a298c36",
              "parentUUID": "b956b297-64cd-4e85-864c-5ace854ec814",
              "isHook": false,
              "skipped": false
            },
            {
              "title": "TS_0002 To test search results page with valid data",
              "fullTitle": "Testing Telnyx site TS_0002 To test search results page with valid data",
              "timedOut": null,
              "duration": 6741,
              "state": "passed",
              "speed": "medium",
              "pass": true,
              "fail": false,
              "pending": false,
              "context": null,
              "code": "_searchPage.default.clickSupportCenter();\n_searchPage.default.inputValidData();\n_searchPage.default.elements.searchResult().then($div => {\n  expect($div).to.contain('telephone');\n});",
              "err": {},
              "uuid": "de6ebd29-e701-47ca-b4c4-fef425f16a38",
              "parentUUID": "b956b297-64cd-4e85-864c-5ace854ec814",
              "isHook": false,
              "skipped": false
            },
            {
              "title": "TS_0004 To test contact me form with positive scenario",
              "fullTitle": "Testing Telnyx site TS_0004 To test contact me form with positive scenario",
              "timedOut": null,
              "duration": 13108,
              "state": "passed",
              "speed": "slow",
              "pass": true,
              "fail": false,
              "pending": false,
              "context": null,
              "code": "_contactMePage.default.clickTalkToExpert();\n_contactMePage.default.selectReasonMenu();\n_contactMePage.default.fillingForm(this.data.Username, email, this.data.PhoneNumber);\n_contactMePage.default.selectPhoneNumber();\n_contactMePage.default.selectPrimaryInterest();\n_contactMePage.default.clickSubmitButton();\n_contactMePage.default.elements.title().should('be.visible').and('have.text', 'Thanks for Reaching Out!');",
              "err": {},
              "uuid": "c0b287c9-94b2-4689-8e48-c62d287c72fd",
              "parentUUID": "b956b297-64cd-4e85-864c-5ace854ec814",
              "isHook": false,
              "skipped": false
            },
            {
              "title": "TS_0005 To test contact me form with empty fields",
              "fullTitle": "Testing Telnyx site TS_0005 To test contact me form with empty fields",
              "timedOut": null,
              "duration": 5270,
              "state": "passed",
              "speed": "medium",
              "pass": true,
              "fail": false,
              "pending": false,
              "context": null,
              "code": "_contactMePage.default.clickTalkToExpert();\n_contactMePage.default.clickSubmitButton();\n_contactMePage.default.elements.alertMessage().should('be.visible').and('have.text', 'This field is required.');",
              "err": {},
              "uuid": "43dcd760-c2ae-47ba-968c-325fa49bbb59",
              "parentUUID": "b956b297-64cd-4e85-864c-5ace854ec814",
              "isHook": false,
              "skipped": false
            },
            {
              "title": "TS_0006 To test contact me form with invalid data",
              "fullTitle": "Testing Telnyx site TS_0006 To test contact me form with invalid data",
              "timedOut": null,
              "duration": 7782,
              "state": "passed",
              "speed": "medium",
              "pass": true,
              "fail": false,
              "pending": false,
              "context": null,
              "code": "_contactMePage.default.clickTalkToExpert();\n_contactMePage.default.selectReasonMenu();\n_contactMePage.default.fillingForm(randomText, randomText, randomText);\n_contactMePage.default.selectPhoneNumber();\n_contactMePage.default.selectPrimaryInterest();\n_contactMePage.default.clickSubmitButton();\n_contactMePage.default.elements.alertMessage().should('be.visible').and('have.text', 'Must be valid email. example@yourdomain.com');",
              "err": {},
              "uuid": "b5941401-a195-4b9f-8d94-4f8d6e8d26d2",
              "parentUUID": "b956b297-64cd-4e85-864c-5ace854ec814",
              "isHook": false,
              "skipped": false
            },
            {
              "title": "TS_0007 To check the password recovery function",
              "fullTitle": "Testing Telnyx site TS_0007 To check the password recovery function",
              "timedOut": null,
              "duration": 16360,
              "state": "passed",
              "speed": "slow",
              "pass": true,
              "fail": false,
              "pending": false,
              "context": null,
              "code": "_loginPage.default.clickLoginLink();\n_loginPage.default.clickForgotPasswordLink();\n_loginPage.default.inputEmail(email);\n_loginPage.default.clickResetButton();",
              "err": {},
              "uuid": "6f271600-1fbd-4454-9a47-7a8eef286574",
              "parentUUID": "b956b297-64cd-4e85-864c-5ace854ec814",
              "isHook": false,
              "skipped": false
            },
            {
              "title": "TS_0008 To test the positive login scenario",
              "fullTitle": "Testing Telnyx site TS_0008 To test the positive login scenario",
              "timedOut": null,
              "duration": 7541,
              "state": "passed",
              "speed": "medium",
              "pass": true,
              "fail": false,
              "pending": false,
              "context": null,
              "code": "_easyRegisterPage.default.inputEmail(email);\n_easyRegisterPage.default.clickTryForFree();\n_easyRegisterPage.default.fillForm(this.data.Username, password);\n_easyRegisterPage.default.clickCreateButton(); // cy.get('#__next > div> main > div > h1')\n//   .should('be.visible').and('have.text','We\\'ve sent you an email to activate your account')\n//   .wait(5000)\n// can't do above action, through Capcha",
              "err": {},
              "uuid": "168a1954-0a50-4788-bdc6-deddcf726a2a",
              "parentUUID": "b956b297-64cd-4e85-864c-5ace854ec814",
              "isHook": false,
              "skipped": false
            },
            {
              "title": "TS_0009_1 To check products menu",
              "fullTitle": "Testing Telnyx site TS_0009_1 To check products menu",
              "timedOut": null,
              "duration": 2899,
              "state": "passed",
              "speed": "fast",
              "pass": true,
              "fail": false,
              "pending": false,
              "context": null,
              "code": "_menuPage.default.hoverProducts();\n_menuPage.default.visibleProductsList();\n_menuPage.default.clickElastic();",
              "err": {},
              "uuid": "7bc735f4-a2fd-478e-839b-b802c381730f",
              "parentUUID": "b956b297-64cd-4e85-864c-5ace854ec814",
              "isHook": false,
              "skipped": false
            },
            {
              "title": "TS_0009_2 To check products menu",
              "fullTitle": "Testing Telnyx site TS_0009_2 To check products menu",
              "timedOut": null,
              "duration": 2767,
              "state": "passed",
              "speed": "fast",
              "pass": true,
              "fail": false,
              "pending": false,
              "context": null,
              "code": "_menuPage.default.hoverProducts();\n_menuPage.default.visibleProductsList();\n_menuPage.default.clickVoiceApi();",
              "err": {},
              "uuid": "59ea5c17-4223-4180-be90-4cbf5abcbc91",
              "parentUUID": "b956b297-64cd-4e85-864c-5ace854ec814",
              "isHook": false,
              "skipped": false
            },
            {
              "title": "TS_0009_3 To check products menu",
              "fullTitle": "Testing Telnyx site TS_0009_3 To check products menu",
              "timedOut": null,
              "duration": 3427,
              "state": "passed",
              "speed": "fast",
              "pass": true,
              "fail": false,
              "pending": false,
              "context": null,
              "code": "_menuPage.default.hoverProducts();\n_menuPage.default.visibleProductsList();\n_menuPage.default.clickGlobalNumbers();",
              "err": {},
              "uuid": "f80a3c26-3ca0-4abe-aa86-3720209d171e",
              "parentUUID": "b956b297-64cd-4e85-864c-5ace854ec814",
              "isHook": false,
              "skipped": false
            },
            {
              "title": "TS_0010 To check the link to the call",
              "fullTitle": "Testing Telnyx site TS_0010 To check the link to the call",
              "timedOut": null,
              "duration": 1916,
              "state": "passed",
              "speed": "fast",
              "pass": true,
              "fail": false,
              "pending": false,
              "context": null,
              "code": "_mainPage.default.clickCallUsLink();\n_mainPage.default.elements.callDialog().should('be.visible').and('have.text', 'Talk to an Expert');",
              "err": {},
              "uuid": "f8a0fc3b-58d0-46c9-a4f8-680dd3531145",
              "parentUUID": "b956b297-64cd-4e85-864c-5ace854ec814",
              "isHook": false,
              "skipped": false
            }
          ],
          "suites": [],
          "passes": [
            "db2191a9-ab78-4626-91fa-7790a405ecb2",
            "d0635bc3-2086-47fc-9f07-bf3291a2a0db",
            "9b91e47e-655c-41ea-b2b5-8edbf3e0202b",
            "de6ebd29-e701-47ca-b4c4-fef425f16a38",
            "c0b287c9-94b2-4689-8e48-c62d287c72fd",
            "43dcd760-c2ae-47ba-968c-325fa49bbb59",
            "b5941401-a195-4b9f-8d94-4f8d6e8d26d2",
            "6f271600-1fbd-4454-9a47-7a8eef286574",
            "168a1954-0a50-4788-bdc6-deddcf726a2a",
            "7bc735f4-a2fd-478e-839b-b802c381730f",
            "59ea5c17-4223-4180-be90-4cbf5abcbc91",
            "f80a3c26-3ca0-4abe-aa86-3720209d171e",
            "f8a0fc3b-58d0-46c9-a4f8-680dd3531145"
          ],
          "failures": [
            "59a53e27-39e4-434e-95da-f4d27a298c36"
          ],
          "pending": [],
          "skipped": [],
          "duration": 80522,
          "root": false,
          "rootEmpty": false,
          "_timeout": 2000
        }
      ],
      "passes": [],
      "failures": [],
      "pending": [],
      "skipped": [],
      "duration": 0,
      "root": true,
      "rootEmpty": true,
      "_timeout": 2000
    }
  ],
  "meta": {
    "mocha": {
      "version": "7.0.1"
    },
    "mochawesome": {
      "options": {
        "quiet": false,
        "reportFilename": "mochawesome",
        "saveHtml": false,
        "saveJson": true,
        "consoleReporter": "spec",
        "useInlineDiffs": false,
        "code": true
      },
      "version": "7.1.3"
    },
    "marge": {
      "options": {
        "reportDir": "cypress/results",
        "overwrite": false,
        "html": false,
        "json": true
      },
      "version": "6.2.0"
    }
  }
}